[35m[1mConsolidate compiler generated dependencies of target distance_warning__rosidl_generator_c[0m
[  1%] Built target distance_warning__cpp
[  3%] Built target distance_warning__rs
[ 11%] Built target distance_warning__rosidl_generator_c
[ 11%] Built target ament_cmake_python_copy_distance_warning
[35m[1mConsolidate compiler generated dependencies of target distance_publisher[0m
[35m[1mConsolidate compiler generated dependencies of target distance_listener[0m
[35m[1mConsolidate compiler generated dependencies of target distance_tf_broadcaster[0m
[ 14%] Built target distance_publisher
[35m[1mConsolidate compiler generated dependencies of target distance_warning__rosidl_typesupport_fastrtps_cpp[0m
[ 18%] Built target distance_tf_broadcaster
[35m[1mConsolidate compiler generated dependencies of target distance_warning__rosidl_typesupport_fastrtps_c[0m
[ 22%] Built target distance_listener
[35m[1mConsolidate compiler generated dependencies of target distance_warning__rosidl_typesupport_introspection_c[0m
[ 29%] Built target distance_warning__rosidl_typesupport_fastrtps_cpp
[35m[1mConsolidate compiler generated dependencies of target distance_warning__rosidl_typesupport_c[0m
[35m[1mConsolidate compiler generated dependencies of target distance_warning__rosidl_typesupport_introspection_cpp[0m
[ 37%] Built target distance_warning__rosidl_typesupport_introspection_c
[ 44%] Built target distance_warning__rosidl_typesupport_c
[ 51%] Built target distance_warning__rosidl_typesupport_introspection_cpp
[35m[1mConsolidate compiler generated dependencies of target distance_warning__rosidl_typesupport_cpp[0m
[ 59%] Built target distance_warning__rosidl_typesupport_fastrtps_c
[ 66%] Built target distance_warning__rosidl_typesupport_cpp
[ 66%] Built target distance_warning
[35m[1mConsolidate compiler generated dependencies of target set_threshold_service[0m
[35m[1mConsolidate compiler generated dependencies of target distance_action_server[0m
[ 68%] Built target distance_warning__py
[35m[1mConsolidate compiler generated dependencies of target distance_action_client[0m
[ 72%] Built target distance_action_server
[ 75%] Built target set_threshold_service
[ 79%] Built target distance_action_client
[35m[1mConsolidate compiler generated dependencies of target distance_tf_listener[0m
[35m[1mConsolidate compiler generated dependencies of target distance_warning__rosidl_generator_py[0m
[ 81%] [32mBuilding CXX object CMakeFiles/distance_tf_listener.dir/src/distance_tf_listener.cpp.o[0m
[ 87%] Built target distance_warning__rosidl_generator_py
[35m[1mConsolidate compiler generated dependencies of target distance_warning__rosidl_typesupport_fastrtps_c__pyext[0m
[35m[1mConsolidate compiler generated dependencies of target distance_warning__rosidl_typesupport_introspection_c__pyext[0m
[ 90%] Built target distance_warning__rosidl_typesupport_fastrtps_c__pyext
[35m[1mConsolidate compiler generated dependencies of target distance_warning__rosidl_typesupport_c__pyext[0m
[ 94%] Built target distance_warning__rosidl_typesupport_introspection_c__pyext
[ 98%] Built target distance_warning__rosidl_typesupport_c__pyext
running egg_info
writing distance_warning.egg-info/PKG-INFO
writing dependency_links to distance_warning.egg-info/dependency_links.txt
writing top-level names to distance_warning.egg-info/top_level.txt
reading manifest file 'distance_warning.egg-info/SOURCES.txt'
writing manifest file 'distance_warning.egg-info/SOURCES.txt'
[ 98%] Built target ament_cmake_python_build_distance_warning_egg
