-- Found ament_cmake: 1.3.14 (/opt/ros/humble/share/ament_cmake/cmake)
-- Found rclcpp: 16.0.19 (/opt/ros/humble/share/rclcpp/cmake)
-- Found rosidl_generator_c: 3.1.8 (/opt/ros/humble/share/rosidl_generator_c/cmake)
-- Found rosidl_adapter: 3.1.8 (/opt/ros/humble/share/rosidl_adapter/cmake)
-- Found rosidl_generator_cpp: 3.1.8 (/opt/ros/humble/share/rosidl_generator_cpp/cmake)
-- Using all available rosidl_typesupport_c: rosidl_typesupport_fastrtps_c;rosidl_typesupport_introspection_c
-- Using all available rosidl_typesupport_cpp: rosidl_typesupport_fastrtps_cpp;rosidl_typesupport_introspection_cpp
-- Found rmw_implementation_cmake: 6.1.2 (/opt/ros/humble/share/rmw_implementation_cmake/cmake)
-- Found rmw_fastrtps_cpp: 6.2.10 (/opt/ros/humble/share/rmw_fastrtps_cpp/cmake)
-- Using RMW implementation 'rmw_fastrtps_cpp' as default
-- Found rclcpp_action: 16.0.19 (/opt/ros/humble/share/rclcpp_action/cmake)
-- Found rosidl_default_generators: 1.2.1 (/opt/ros/humble/share/rosidl_default_generators/cmake)
-- Found tf2: 0.25.20 (/opt/ros/humble/share/tf2/cmake)
-- Found tf2_ros: 0.25.20 (/opt/ros/humble/share/tf2_ros/cmake)
-- Found tf2_geometry_msgs: 0.25.20 (/opt/ros/humble/share/tf2_geometry_msgs/cmake)
-- Found eigen3_cmake_module: 0.1.1 (/opt/ros/humble/share/eigen3_cmake_module/cmake)
-- Ensuring Eigen3 include directory is part of orocos-kdl CMake target
-- Found ament_cmake_ros: 0.10.0 (/opt/ros/humble/share/ament_cmake_ros/cmake)
-- Using all available rosidl_typesupport_c: rosidl_typesupport_fastrtps_c;rosidl_typesupport_introspection_c
-- Using all available rosidl_typesupport_cpp: rosidl_typesupport_fastrtps_cpp;rosidl_typesupport_introspection_cpp
-- Found python_cmake_module: 0.10.0 (/opt/ros/humble/share/python_cmake_module/cmake)
-- Using PYTHON_EXECUTABLE: /usr/bin/python3
-- Using PYTHON_INCLUDE_DIRS: /usr/include/python3.10
-- Using PYTHON_LIBRARIES: /usr/lib/aarch64-linux-gnu/libpython3.10.so
-- Configuring done
-- Generating done
-- Build files have been written to: /home/evice2457/ros2_ws/src/distance_warning/build/distance_warning
[  1%] [34m[1mGenerating C code for ROS interfaces[0m
[  3%] [34m[1mGenerating Rust code for ROS interfaces[0m
[  3%] Built target ament_cmake_python_copy_distance_warning
[  5%] [34m[1mGenerating C++ code for ROS interfaces[0m
[  7%] [32mBuilding CXX object CMakeFiles/distance_publisher.dir/src/distance_publisher.cpp.o[0m
[  7%] Built target distance_warning__rs
[  9%] [32mBuilding CXX object CMakeFiles/distance_listener.dir/src/distance_listener.cpp.o[0m
[ 11%] [32mBuilding C object CMakeFiles/distance_warning__rosidl_generator_c.dir/rosidl_generator_c/distance_warning/srv/detail/set_threshold__functions.c.o[0m
[ 11%] Built target distance_warning__cpp
[ 12%] [32mBuilding CXX object CMakeFiles/distance_tf_broadcaster.dir/src/distance_tf_broadcaster.cpp.o[0m
[ 14%] [32mBuilding C object CMakeFiles/distance_warning__rosidl_generator_c.dir/rosidl_generator_c/distance_warning/action/detail/check_distance__functions.c.o[0m
[ 16%] [32m[1mLinking C shared library libdistance_warning__rosidl_generator_c.so[0m
[ 16%] Built target distance_warning__rosidl_generator_c
[ 18%] [34m[1mGenerating C type support for eProsima Fast-RTPS[0m
[ 20%] [32mBuilding CXX object CMakeFiles/distance_warning__rosidl_typesupport_fastrtps_c.dir/rosidl_typesupport_fastrtps_c/distance_warning/srv/detail/set_threshold__type_support_c.cpp.o[0m
[ 22%] [32mBuilding CXX object CMakeFiles/distance_warning__rosidl_typesupport_fastrtps_c.dir/rosidl_typesupport_fastrtps_c/distance_warning/action/detail/check_distance__type_support_c.cpp.o[0m
[ 24%] [32m[1mLinking CXX shared library libdistance_warning__rosidl_typesupport_fastrtps_c.so[0m
[ 24%] Built target distance_warning__rosidl_typesupport_fastrtps_c
[ 25%] [34m[1mGenerating C++ type support for eProsima Fast-RTPS[0m
[ 27%] [32mBuilding CXX object CMakeFiles/distance_warning__rosidl_typesupport_fastrtps_cpp.dir/rosidl_typesupport_fastrtps_cpp/distance_warning/srv/detail/dds_fastrtps/set_threshold__type_support.cpp.o[0m
[ 29%] [32mBuilding CXX object CMakeFiles/distance_warning__rosidl_typesupport_fastrtps_cpp.dir/rosidl_typesupport_fastrtps_cpp/distance_warning/action/detail/dds_fastrtps/check_distance__type_support.cpp.o[0m
[ 31%] [32m[1mLinking CXX shared library libdistance_warning__rosidl_typesupport_fastrtps_cpp.so[0m
[ 31%] Built target distance_warning__rosidl_typesupport_fastrtps_cpp
[ 33%] [34m[1mGenerating C introspection for ROS interfaces[0m
[ 35%] [32mBuilding C object CMakeFiles/distance_warning__rosidl_typesupport_introspection_c.dir/rosidl_typesupport_introspection_c/distance_warning/srv/detail/set_threshold__type_support.c.o[0m
[ 37%] [32mBuilding C object CMakeFiles/distance_warning__rosidl_typesupport_introspection_c.dir/rosidl_typesupport_introspection_c/distance_warning/action/detail/check_distance__type_support.c.o[0m
[ 38%] [32m[1mLinking C shared library libdistance_warning__rosidl_typesupport_introspection_c.so[0m
[ 38%] Built target distance_warning__rosidl_typesupport_introspection_c
[ 40%] [34m[1mGenerating C type support dispatch for ROS interfaces[0m
[ 42%] [32m[1mLinking CXX executable distance_publisher[0m
[ 42%] Built target distance_publisher
[ 44%] [34m[1mGenerating C++ introspection for ROS interfaces[0m
[ 46%] [32mBuilding CXX object CMakeFiles/distance_warning__rosidl_typesupport_c.dir/rosidl_typesupport_c/distance_warning/srv/set_threshold__type_support.cpp.o[0m
[ 48%] [32mBuilding CXX object CMakeFiles/distance_warning__rosidl_typesupport_c.dir/rosidl_typesupport_c/distance_warning/action/check_distance__type_support.cpp.o[0m
[ 50%] [32m[1mLinking CXX shared library libdistance_warning__rosidl_typesupport_c.so[0m
[ 50%] Built target distance_warning__rosidl_typesupport_c
[ 51%] [34m[1mGenerating C++ type support dispatch for ROS interfaces[0m
[ 53%] [32mBuilding CXX object CMakeFiles/distance_warning__rosidl_typesupport_introspection_cpp.dir/rosidl_typesupport_introspection_cpp/distance_warning/srv/detail/set_threshold__type_support.cpp.o[0m
[ 55%] [32mBuilding CXX object CMakeFiles/distance_warning__rosidl_typesupport_cpp.dir/rosidl_typesupport_cpp/distance_warning/srv/set_threshold__type_support.cpp.o[0m
[ 57%] [32mBuilding CXX object CMakeFiles/distance_warning__rosidl_typesupport_introspection_cpp.dir/rosidl_typesupport_introspection_cpp/distance_warning/action/detail/check_distance__type_support.cpp.o[0m
[ 59%] [32mBuilding CXX object CMakeFiles/distance_warning__rosidl_typesupport_cpp.dir/rosidl_typesupport_cpp/distance_warning/action/check_distance__type_support.cpp.o[0m
[ 61%] [32m[1mLinking CXX shared library libdistance_warning__rosidl_typesupport_cpp.so[0m
[ 61%] Built target distance_warning__rosidl_typesupport_cpp
[ 62%] [32m[1mLinking CXX shared library libdistance_warning__rosidl_typesupport_introspection_cpp.so[0m
[ 62%] Built target distance_warning__rosidl_typesupport_introspection_cpp
[ 62%] Built target distance_warning
[ 64%] [34m[1mGenerating Python code for ROS interfaces[0m
running egg_info
creating distance_warning.egg-info
writing distance_warning.egg-info/PKG-INFO
writing dependency_links to distance_warning.egg-info/dependency_links.txt
writing top-level names to distance_warning.egg-info/top_level.txt
writing manifest file 'distance_warning.egg-info/SOURCES.txt'
reading manifest file 'distance_warning.egg-info/SOURCES.txt'
writing manifest file 'distance_warning.egg-info/SOURCES.txt'
[ 64%] Built target ament_cmake_python_build_distance_warning_egg
[ 66%] [32mBuilding CXX object CMakeFiles/set_threshold_service.dir/src/set_threshold_service.cpp.o[0m
[ 66%] Built target distance_warning__py
[ 68%] [32mBuilding CXX object CMakeFiles/distance_action_server.dir/src/distance_action_server.cpp.o[0m
[ 70%] [32m[1mLinking CXX executable distance_listener[0m
[ 72%] [32m[1mLinking CXX executable distance_tf_broadcaster[0m
[ 72%] Built target distance_listener
[ 74%] [32mBuilding CXX object CMakeFiles/distance_action_client.dir/src/distance_action_client.cpp.o[0m
[ 74%] Built target distance_tf_broadcaster
[ 75%] [32mBuilding CXX object CMakeFiles/distance_tf_listener.dir/src/distance_tf_listener.cpp.o[0m
[ 77%] [32m[1mLinking CXX executable set_threshold_service[0m
[ 77%] Built target set_threshold_service
[ 79%] [32mBuilding C object CMakeFiles/distance_warning__rosidl_generator_py.dir/rosidl_generator_py/distance_warning/srv/_set_threshold_s.c.o[0m
[ 81%] [32mBuilding C object CMakeFiles/distance_warning__rosidl_generator_py.dir/rosidl_generator_py/distance_warning/action/_check_distance_s.c.o[0m
[ 83%] [32m[1mLinking C shared library rosidl_generator_py/distance_warning/libdistance_warning__rosidl_generator_py.so[0m
[ 83%] Built target distance_warning__rosidl_generator_py
[ 85%] [32mBuilding C object CMakeFiles/distance_warning__rosidl_typesupport_fastrtps_c__pyext.dir/rosidl_generator_py/distance_warning/_distance_warning_s.ep.rosidl_typesupport_fastrtps_c.c.o[0m
[ 87%] [32m[1mLinking C shared library rosidl_generator_py/distance_warning/distance_warning_s__rosidl_typesupport_fastrtps_c.cpython-310-aarch64-linux-gnu.so[0m
[ 87%] Built target distance_warning__rosidl_typesupport_fastrtps_c__pyext
[ 88%] [32mBuilding C object CMakeFiles/distance_warning__rosidl_typesupport_introspection_c__pyext.dir/rosidl_generator_py/distance_warning/_distance_warning_s.ep.rosidl_typesupport_introspection_c.c.o[0m
[ 90%] [32m[1mLinking C shared library rosidl_generator_py/distance_warning/distance_warning_s__rosidl_typesupport_introspection_c.cpython-310-aarch64-linux-gnu.so[0m
[ 90%] Built target distance_warning__rosidl_typesupport_introspection_c__pyext
[ 92%] [32mBuilding C object CMakeFiles/distance_warning__rosidl_typesupport_c__pyext.dir/rosidl_generator_py/distance_warning/_distance_warning_s.ep.rosidl_typesupport_c.c.o[0m
[ 94%] [32m[1mLinking CXX executable distance_action_server[0m
[ 96%] [32m[1mLinking C shared library rosidl_generator_py/distance_warning/distance_warning_s__rosidl_typesupport_c.cpython-310-aarch64-linux-gnu.so[0m
[ 96%] Built target distance_warning__rosidl_typesupport_c__pyext
[ 96%] Built target distance_action_server
[ 98%] [32m[1mLinking CXX executable distance_action_client[0m
[ 98%] Built target distance_action_client
