[0.008s] Invoking command in '/home/evice2457/ros2_ws/src/distance_warning/build/distance_warning': CMAKE_PREFIX_PATH=${CMAKE_PREFIX_PATH}:/home/evice2457/ros2_ws/install/launch_testing_examples:/home/evice2457/ros2_ws/install/examples_rclpy_pointcloud_publisher:/home/evice2457/ros2_ws/install/examples_rclpy_minimal_subscriber:/home/evice2457/ros2_ws/install/examples_rclpy_minimal_service:/home/evice2457/ros2_ws/install/examples_rclpy_minimal_publisher:/home/evice2457/ros2_ws/install/examples_rclpy_minimal_client:/home/evice2457/ros2_ws/install/examples_rclpy_minimal_action_server:/home/evice2457/ros2_ws/install/examples_rclpy_minimal_action_client:/home/evice2457/ros2_ws/install/examples_rclpy_guard_conditions:/home/evice2457/ros2_ws/install/examples_rclpy_executors:/opt/ros/humble /usr/bin/cmake /home/evice2457/ros2_ws/src/distance_warning -DCMAKE_INSTALL_PREFIX=/home/evice2457/ros2_ws/src/distance_warning/install/distance_warning
[0.017s] -- Found ament_cmake: 1.3.14 (/opt/ros/humble/share/ament_cmake/cmake)
[0.108s] -- Found rclcpp: 16.0.19 (/opt/ros/humble/share/rclcpp/cmake)
[0.124s] -- Found rosidl_generator_c: 3.1.8 (/opt/ros/humble/share/rosidl_generator_c/cmake)
[0.125s] -- Found rosidl_adapter: 3.1.8 (/opt/ros/humble/share/rosidl_adapter/cmake)
[0.129s] -- Found rosidl_generator_cpp: 3.1.8 (/opt/ros/humble/share/rosidl_generator_cpp/cmake)
[0.134s] -- Using all available rosidl_typesupport_c: rosidl_typesupport_fastrtps_c;rosidl_typesupport_introspection_c
[0.142s] -- Using all available rosidl_typesupport_cpp: rosidl_typesupport_fastrtps_cpp;rosidl_typesupport_introspection_cpp
[0.161s] -- Found rmw_implementation_cmake: 6.1.2 (/opt/ros/humble/share/rmw_implementation_cmake/cmake)
[0.162s] -- Found rmw_fastrtps_cpp: 6.2.10 (/opt/ros/humble/share/rmw_fastrtps_cpp/cmake)
[0.235s] -- Using RMW implementation 'rmw_fastrtps_cpp' as default
[0.264s] -- Found rclcpp_action: 16.0.19 (/opt/ros/humble/share/rclcpp_action/cmake)
[0.281s] -- Found rosidl_default_generators: 1.2.1 (/opt/ros/humble/share/rosidl_default_generators/cmake)
[0.287s] -- Found tf2: 0.25.20 (/opt/ros/humble/share/tf2/cmake)
[0.297s] -- Found tf2_ros: 0.25.20 (/opt/ros/humble/share/tf2_ros/cmake)
[0.325s] -- Found tf2_geometry_msgs: 0.25.20 (/opt/ros/humble/share/tf2_geometry_msgs/cmake)
[0.327s] -- Found eigen3_cmake_module: 0.1.1 (/opt/ros/humble/share/eigen3_cmake_module/cmake)
[0.327s] -- Ensuring Eigen3 include directory is part of orocos-kdl CMake target
[0.485s] -- Found ament_cmake_ros: 0.10.0 (/opt/ros/humble/share/ament_cmake_ros/cmake)
[0.682s] -- Using all available rosidl_typesupport_c: rosidl_typesupport_fastrtps_c;rosidl_typesupport_introspection_c
[0.756s] -- Using all available rosidl_typesupport_cpp: rosidl_typesupport_fastrtps_cpp;rosidl_typesupport_introspection_cpp
[0.770s] -- Found python_cmake_module: 0.10.0 (/opt/ros/humble/share/python_cmake_module/cmake)
[0.784s] -- Using PYTHON_EXECUTABLE: /usr/bin/python3
[0.784s] -- Using PYTHON_INCLUDE_DIRS: /usr/include/python3.10
[0.784s] -- Using PYTHON_LIBRARIES: /usr/lib/aarch64-linux-gnu/libpython3.10.so
[0.842s] [0mCMake Deprecation Warning at /opt/ros/humble/share/rosidl_cmake/cmake/rosidl_target_interfaces.cmake:32 (message):
[0.842s]   Use rosidl_get_typesupport_target() and target_link_libraries() instead of
[0.843s]   rosidl_target_interfaces()
[0.843s] Call Stack (most recent call first):
[0.843s]   CMakeLists.txt:33 (rosidl_target_interfaces)
[0.843s] 
[0.843s] [0m
[0.844s] [0mCMake Deprecation Warning at /opt/ros/humble/share/rosidl_cmake/cmake/rosidl_target_interfaces.cmake:32 (message):
[0.844s]   Use rosidl_get_typesupport_target() and target_link_libraries() instead of
[0.844s]   rosidl_target_interfaces()
[0.845s] Call Stack (most recent call first):
[0.845s]   CMakeLists.txt:38 (rosidl_target_interfaces)
[0.845s] 
[0.845s] [0m
[0.845s] [0mCMake Deprecation Warning at /opt/ros/humble/share/rosidl_cmake/cmake/rosidl_target_interfaces.cmake:32 (message):
[0.845s]   Use rosidl_get_typesupport_target() and target_link_libraries() instead of
[0.845s]   rosidl_target_interfaces()
[0.845s] Call Stack (most recent call first):
[0.845s]   CMakeLists.txt:43 (rosidl_target_interfaces)
[0.845s] 
[0.845s] [0m
[0.849s] [0mCMake Deprecation Warning at /opt/ros/humble/share/rosidl_cmake/cmake/rosidl_target_interfaces.cmake:32 (message):
[0.849s]   Use rosidl_get_typesupport_target() and target_link_libraries() instead of
[0.849s]   rosidl_target_interfaces()
[0.849s] Call Stack (most recent call first):
[0.849s]   CMakeLists.txt:53 (rosidl_target_interfaces)
[0.849s] 
[0.849s] [0m
[0.853s] -- Configuring done
[0.894s] -- Generating done
[0.907s] -- Build files have been written to: /home/evice2457/ros2_ws/src/distance_warning/build/distance_warning
[0.914s] Invoked command in '/home/evice2457/ros2_ws/src/distance_warning/build/distance_warning' returned '0': CMAKE_PREFIX_PATH=${CMAKE_PREFIX_PATH}:/home/evice2457/ros2_ws/install/launch_testing_examples:/home/evice2457/ros2_ws/install/examples_rclpy_pointcloud_publisher:/home/evice2457/ros2_ws/install/examples_rclpy_minimal_subscriber:/home/evice2457/ros2_ws/install/examples_rclpy_minimal_service:/home/evice2457/ros2_ws/install/examples_rclpy_minimal_publisher:/home/evice2457/ros2_ws/install/examples_rclpy_minimal_client:/home/evice2457/ros2_ws/install/examples_rclpy_minimal_action_server:/home/evice2457/ros2_ws/install/examples_rclpy_minimal_action_client:/home/evice2457/ros2_ws/install/examples_rclpy_guard_conditions:/home/evice2457/ros2_ws/install/examples_rclpy_executors:/opt/ros/humble /usr/bin/cmake /home/evice2457/ros2_ws/src/distance_warning -DCMAKE_INSTALL_PREFIX=/home/evice2457/ros2_ws/src/distance_warning/install/distance_warning
[0.915s] Invoking command in '/home/evice2457/ros2_ws/src/distance_warning/build/distance_warning': CMAKE_PREFIX_PATH=${CMAKE_PREFIX_PATH}:/home/evice2457/ros2_ws/install/launch_testing_examples:/home/evice2457/ros2_ws/install/examples_rclpy_pointcloud_publisher:/home/evice2457/ros2_ws/install/examples_rclpy_minimal_subscriber:/home/evice2457/ros2_ws/install/examples_rclpy_minimal_service:/home/evice2457/ros2_ws/install/examples_rclpy_minimal_publisher:/home/evice2457/ros2_ws/install/examples_rclpy_minimal_client:/home/evice2457/ros2_ws/install/examples_rclpy_minimal_action_server:/home/evice2457/ros2_ws/install/examples_rclpy_minimal_action_client:/home/evice2457/ros2_ws/install/examples_rclpy_guard_conditions:/home/evice2457/ros2_ws/install/examples_rclpy_executors:/opt/ros/humble /usr/bin/cmake --build /home/evice2457/ros2_ws/src/distance_warning/build/distance_warning -- -j4 -l4
[0.934s] [  1%] [34m[1mGenerating C code for ROS interfaces[0m
[0.938s] [  3%] [34m[1mGenerating Rust code for ROS interfaces[0m
[0.942s] [  3%] Built target ament_cmake_python_copy_distance_warning
[0.945s] [  5%] [34m[1mGenerating C++ code for ROS interfaces[0m
[0.959s] [  7%] [32mBuilding CXX object CMakeFiles/distance_publisher.dir/src/distance_publisher.cpp.o[0m
[1.174s] [  7%] Built target distance_warning__rs
[1.183s] [  9%] [32mBuilding CXX object CMakeFiles/distance_listener.dir/src/distance_listener.cpp.o[0m
[1.278s] [ 11%] [32mBuilding C object CMakeFiles/distance_warning__rosidl_generator_c.dir/rosidl_generator_c/distance_warning/srv/detail/set_threshold__functions.c.o[0m
[1.305s] [ 11%] Built target distance_warning__cpp
[1.321s] [ 12%] [32mBuilding CXX object CMakeFiles/distance_tf_broadcaster.dir/src/distance_tf_broadcaster.cpp.o[0m
[1.331s] [ 14%] [32mBuilding C object CMakeFiles/distance_warning__rosidl_generator_c.dir/rosidl_generator_c/distance_warning/action/detail/check_distance__functions.c.o[0m
[1.421s] [ 16%] [32m[1mLinking C shared library libdistance_warning__rosidl_generator_c.so[0m
[1.442s] [ 16%] Built target distance_warning__rosidl_generator_c
[1.447s] [ 18%] [34m[1mGenerating C type support for eProsima Fast-RTPS[0m
[1.741s] [ 20%] [32mBuilding CXX object CMakeFiles/distance_warning__rosidl_typesupport_fastrtps_c.dir/rosidl_typesupport_fastrtps_c/distance_warning/srv/detail/set_threshold__type_support_c.cpp.o[0m
[1.949s] [ 22%] [32mBuilding CXX object CMakeFiles/distance_warning__rosidl_typesupport_fastrtps_c.dir/rosidl_typesupport_fastrtps_c/distance_warning/action/detail/check_distance__type_support_c.cpp.o[0m
[2.212s] [ 24%] [32m[1mLinking CXX shared library libdistance_warning__rosidl_typesupport_fastrtps_c.so[0m
[2.251s] [ 24%] Built target distance_warning__rosidl_typesupport_fastrtps_c
[2.257s] [ 25%] [34m[1mGenerating C++ type support for eProsima Fast-RTPS[0m
[2.601s] [ 27%] [32mBuilding CXX object CMakeFiles/distance_warning__rosidl_typesupport_fastrtps_cpp.dir/rosidl_typesupport_fastrtps_cpp/distance_warning/srv/detail/dds_fastrtps/set_threshold__type_support.cpp.o[0m
[2.834s] [ 29%] [32mBuilding CXX object CMakeFiles/distance_warning__rosidl_typesupport_fastrtps_cpp.dir/rosidl_typesupport_fastrtps_cpp/distance_warning/action/detail/dds_fastrtps/check_distance__type_support.cpp.o[0m
[3.241s] [ 31%] [32m[1mLinking CXX shared library libdistance_warning__rosidl_typesupport_fastrtps_cpp.so[0m
[3.318s] [ 31%] Built target distance_warning__rosidl_typesupport_fastrtps_cpp
[3.335s] [ 33%] [34m[1mGenerating C introspection for ROS interfaces[0m
[3.832s] [ 35%] [32mBuilding C object CMakeFiles/distance_warning__rosidl_typesupport_introspection_c.dir/rosidl_typesupport_introspection_c/distance_warning/srv/detail/set_threshold__type_support.c.o[0m
[3.858s] [ 37%] [32mBuilding C object CMakeFiles/distance_warning__rosidl_typesupport_introspection_c.dir/rosidl_typesupport_introspection_c/distance_warning/action/detail/check_distance__type_support.c.o[0m
[3.898s] [ 38%] [32m[1mLinking C shared library libdistance_warning__rosidl_typesupport_introspection_c.so[0m
[3.920s] [ 38%] Built target distance_warning__rosidl_typesupport_introspection_c
[3.928s] [ 40%] [34m[1mGenerating C type support dispatch for ROS interfaces[0m
[3.978s] [ 42%] [32m[1mLinking CXX executable distance_publisher[0m
[4.110s] [ 42%] Built target distance_publisher
[4.117s] [ 44%] [34m[1mGenerating C++ introspection for ROS interfaces[0m
[4.172s] [ 46%] [32mBuilding CXX object CMakeFiles/distance_warning__rosidl_typesupport_c.dir/rosidl_typesupport_c/distance_warning/srv/set_threshold__type_support.cpp.o[0m
[4.204s] [ 48%] [32mBuilding CXX object CMakeFiles/distance_warning__rosidl_typesupport_c.dir/rosidl_typesupport_c/distance_warning/action/check_distance__type_support.cpp.o[0m
[4.237s] [ 50%] [32m[1mLinking CXX shared library libdistance_warning__rosidl_typesupport_c.so[0m
[4.265s] [ 50%] Built target distance_warning__rosidl_typesupport_c
[4.270s] [ 51%] [34m[1mGenerating C++ type support dispatch for ROS interfaces[0m
[4.394s] [ 53%] [32mBuilding CXX object CMakeFiles/distance_warning__rosidl_typesupport_introspection_cpp.dir/rosidl_typesupport_introspection_cpp/distance_warning/srv/detail/set_threshold__type_support.cpp.o[0m
[4.497s] [ 55%] [32mBuilding CXX object CMakeFiles/distance_warning__rosidl_typesupport_cpp.dir/rosidl_typesupport_cpp/distance_warning/srv/set_threshold__type_support.cpp.o[0m
[4.593s] [ 57%] [32mBuilding CXX object CMakeFiles/distance_warning__rosidl_typesupport_introspection_cpp.dir/rosidl_typesupport_introspection_cpp/distance_warning/action/detail/check_distance__type_support.cpp.o[0m
[4.649s] [ 59%] [32mBuilding CXX object CMakeFiles/distance_warning__rosidl_typesupport_cpp.dir/rosidl_typesupport_cpp/distance_warning/action/check_distance__type_support.cpp.o[0m
[4.886s] [ 61%] [32m[1mLinking CXX shared library libdistance_warning__rosidl_typesupport_cpp.so[0m
[4.908s] [ 61%] Built target distance_warning__rosidl_typesupport_cpp
[4.911s] [ 62%] [32m[1mLinking CXX shared library libdistance_warning__rosidl_typesupport_introspection_cpp.so[0m
[4.950s] [ 62%] Built target distance_warning__rosidl_typesupport_introspection_cpp
[4.956s] [ 62%] Built target distance_warning
[4.964s] [ 64%] [34m[1mGenerating Python code for ROS interfaces[0m
[5.035s] running egg_info
[5.036s] creating distance_warning.egg-info
[5.036s] writing distance_warning.egg-info/PKG-INFO
[5.036s] writing dependency_links to distance_warning.egg-info/dependency_links.txt
[5.036s] writing top-level names to distance_warning.egg-info/top_level.txt
[5.036s] writing manifest file 'distance_warning.egg-info/SOURCES.txt'
[5.037s] reading manifest file 'distance_warning.egg-info/SOURCES.txt'
[5.038s] writing manifest file 'distance_warning.egg-info/SOURCES.txt'
[5.054s] [ 64%] Built target ament_cmake_python_build_distance_warning_egg
[5.074s] [ 66%] [32mBuilding CXX object CMakeFiles/set_threshold_service.dir/src/set_threshold_service.cpp.o[0m
[5.506s] [ 66%] Built target distance_warning__py
[5.516s] [ 68%] [32mBuilding CXX object CMakeFiles/distance_action_server.dir/src/distance_action_server.cpp.o[0m
[6.321s] [ 70%] [32m[1mLinking CXX executable distance_listener[0m
[6.550s] [ 72%] [32m[1mLinking CXX executable distance_tf_broadcaster[0m
[6.614s] [ 72%] Built target distance_listener
[6.625s] [ 74%] [32mBuilding CXX object CMakeFiles/distance_action_client.dir/src/distance_action_client.cpp.o[0m
[6.842s] [ 74%] Built target distance_tf_broadcaster
[6.851s] [ 75%] [32mBuilding CXX object CMakeFiles/distance_tf_listener.dir/src/distance_tf_listener.cpp.o[0m
[6.934s] [01m[K/home/evice2457/ros2_ws/src/distance_warning/src/distance_action_server.cpp:[m[K In member function ‘[01m[Kvoid DistanceActionServer::execute(std::shared_ptr<rclcpp_action::ServerGoalHandle<distance_warning::action::CheckDistance> >)[m[K’:
[6.934s] [01m[K/home/evice2457/ros2_ws/src/distance_warning/src/distance_action_server.cpp:66:23:[m[K [01;35m[Kwarning: [m[Kcomparison of integer expressions of different signedness: ‘[01m[Kint[m[K’ and ‘[01m[Kstd::vector<std::__cxx11::basic_string<char> >::size_type[m[K’ {aka ‘[01m[Klong unsigned int[m[K’} [[01;35m[K]8;;https://gcc.gnu.org/onlinedocs/gcc/Warning-Options.html#index-Wsign-compare-Wsign-compare]8;;[m[K]
[6.934s]    66 |     for (int i = 0; [01;35m[Ki < steps.size()[m[K; ++i) {
[6.934s]       |                     [01;35m[K~~^~~~~~~~~~~~~~[m[K
[7.024s] [ 77%] [32m[1mLinking CXX executable set_threshold_service[0m
[7.110s] [ 77%] Built target set_threshold_service
[7.120s] [ 79%] [32mBuilding C object CMakeFiles/distance_warning__rosidl_generator_py.dir/rosidl_generator_py/distance_warning/srv/_set_threshold_s.c.o[0m
[7.239s] [ 81%] [32mBuilding C object CMakeFiles/distance_warning__rosidl_generator_py.dir/rosidl_generator_py/distance_warning/action/_check_distance_s.c.o[0m
[7.321s] [ 83%] [32m[1mLinking C shared library rosidl_generator_py/distance_warning/libdistance_warning__rosidl_generator_py.so[0m
[7.343s] [ 83%] Built target distance_warning__rosidl_generator_py
[7.352s] [ 85%] [32mBuilding C object CMakeFiles/distance_warning__rosidl_typesupport_fastrtps_c__pyext.dir/rosidl_generator_py/distance_warning/_distance_warning_s.ep.rosidl_typesupport_fastrtps_c.c.o[0m
[7.419s] [ 87%] [32m[1mLinking C shared library rosidl_generator_py/distance_warning/distance_warning_s__rosidl_typesupport_fastrtps_c.cpython-310-aarch64-linux-gnu.so[0m
[7.443s] [ 87%] Built target distance_warning__rosidl_typesupport_fastrtps_c__pyext
[7.451s] [ 88%] [32mBuilding C object CMakeFiles/distance_warning__rosidl_typesupport_introspection_c__pyext.dir/rosidl_generator_py/distance_warning/_distance_warning_s.ep.rosidl_typesupport_introspection_c.c.o[0m
[7.519s] [ 90%] [32m[1mLinking C shared library rosidl_generator_py/distance_warning/distance_warning_s__rosidl_typesupport_introspection_c.cpython-310-aarch64-linux-gnu.so[0m
[7.607s] [ 90%] Built target distance_warning__rosidl_typesupport_introspection_c__pyext
[7.625s] [ 92%] [32mBuilding C object CMakeFiles/distance_warning__rosidl_typesupport_c__pyext.dir/rosidl_generator_py/distance_warning/_distance_warning_s.ep.rosidl_typesupport_c.c.o[0m
[7.805s] [ 94%] [32m[1mLinking CXX executable distance_action_server[0m
[7.810s] [ 96%] [32m[1mLinking C shared library rosidl_generator_py/distance_warning/distance_warning_s__rosidl_typesupport_c.cpython-310-aarch64-linux-gnu.so[0m
[7.846s] [ 96%] Built target distance_warning__rosidl_typesupport_c__pyext
[7.943s] [ 96%] Built target distance_action_server
[8.448s] [01m[K/home/evice2457/ros2_ws/src/distance_warning/src/distance_tf_listener.cpp:[m[K In constructor ‘[01m[KDistanceTfListener::DistanceTfListener()[m[K’:
[8.448s] [01m[K/home/evice2457/ros2_ws/src/distance_warning/src/distance_tf_listener.cpp:27:3:[m[K [01;31m[Kerror: [m[Kexpected ‘[01m[K;[m[K’ before ‘[01m[K}[m[K’ token
[8.448s]    27 |   [01;31m[K}[m[K
[8.448s]       |   [01;31m[K^[m[K
[8.454s] [01m[K/home/evice2457/ros2_ws/src/distance_warning/src/distance_tf_listener.cpp:[m[K In member function ‘[01m[Kvoid DistanceTfListener::lookupAndCheck()[m[K’:
[8.454s] [01m[K/home/evice2457/ros2_ws/src/distance_warning/src/distance_tf_listener.cpp:41:7:[m[K [01;31m[Kerror: [m[K‘[01m[KRCCLPP[m[K’ was not declared in this scope
[8.454s]    41 |       [01;31m[KRCCLPP[m[K.INFO(this->get_logger(), "Distance to sensor_link: %.2f m", dist);
[8.454s]       |       [01;31m[K^~~~~~[m[K
[8.805s] gmake[2]: *** [CMakeFiles/distance_tf_listener.dir/build.make:76: CMakeFiles/distance_tf_listener.dir/src/distance_tf_listener.cpp.o] Error 1
[8.805s] gmake[1]: *** [CMakeFiles/Makefile2:787: CMakeFiles/distance_tf_listener.dir/all] Error 2
[8.805s] gmake[1]: *** Waiting for unfinished jobs....
[8.899s] [ 98%] [32m[1mLinking CXX executable distance_action_client[0m
[8.985s] [ 98%] Built target distance_action_client
[8.986s] gmake: *** [Makefile:146: all] Error 2
[8.995s] Invoked command in '/home/evice2457/ros2_ws/src/distance_warning/build/distance_warning' returned '2': CMAKE_PREFIX_PATH=${CMAKE_PREFIX_PATH}:/home/evice2457/ros2_ws/install/launch_testing_examples:/home/evice2457/ros2_ws/install/examples_rclpy_pointcloud_publisher:/home/evice2457/ros2_ws/install/examples_rclpy_minimal_subscriber:/home/evice2457/ros2_ws/install/examples_rclpy_minimal_service:/home/evice2457/ros2_ws/install/examples_rclpy_minimal_publisher:/home/evice2457/ros2_ws/install/examples_rclpy_minimal_client:/home/evice2457/ros2_ws/install/examples_rclpy_minimal_action_server:/home/evice2457/ros2_ws/install/examples_rclpy_minimal_action_client:/home/evice2457/ros2_ws/install/examples_rclpy_guard_conditions:/home/evice2457/ros2_ws/install/examples_rclpy_executors:/opt/ros/humble /usr/bin/cmake --build /home/evice2457/ros2_ws/src/distance_warning/build/distance_warning -- -j4 -l4
