[  7%] Built target distance_warning__rosidl_generator_c
[  9%] Built target distance_warning__rs
[  9%] Built target ament_cmake_python_copy_distance_warning
[ 11%] Built target distance_warning__cpp
[ 14%] Built target distance_publisher
[ 18%] Built target distance_listener
[ 25%] Built target distance_warning__rosidl_typesupport_fastrtps_c
[ 29%] Built target distance_tf_broadcaster
[ 37%] Built target distance_warning__rosidl_typesupport_fastrtps_cpp
[ 44%] Built target distance_warning__rosidl_typesupport_c
[ 51%] Built target distance_warning__rosidl_typesupport_introspection_c
[ 59%] Built target distance_warning__rosidl_typesupport_introspection_cpp
[ 66%] Built target distance_warning__rosidl_typesupport_cpp
[ 66%] Built target distance_warning
[ 70%] Built target set_threshold_service
[ 74%] Built target distance_action_server
[ 75%] Built target distance_warning__py
[35m[1mConsolidate compiler generated dependencies of target distance_tf_listener[0m
[ 79%] Built target distance_action_client
[ 81%] [32mBuilding CXX object CMakeFiles/distance_tf_listener.dir/src/distance_tf_listener.cpp.o[0m
[ 87%] Built target distance_warning__rosidl_generator_py
[ 90%] Built target distance_warning__rosidl_typesupport_introspection_c__pyext
[ 94%] Built target distance_warning__rosidl_typesupport_fastrtps_c__pyext
[ 98%] Built target distance_warning__rosidl_typesupport_c__pyext
running egg_info
writing distance_warning.egg-info/PKG-INFO
writing dependency_links to distance_warning.egg-info/dependency_links.txt
writing top-level names to distance_warning.egg-info/top_level.txt
reading manifest file 'distance_warning.egg-info/SOURCES.txt'
writing manifest file 'distance_warning.egg-info/SOURCES.txt'
[ 98%] Built target ament_cmake_python_build_distance_warning_egg
[100%] [32m[1mLinking CXX executable distance_tf_listener[0m
[100%] Built target distance_tf_listener
-- Install configuration: ""
-- Installing: /home/evice2457/ros2_ws/src/distance_warning/install/distance_warning/share/ament_index/resource_index/rosidl_interfaces/distance_warning
-- Installing: /home/evice2457/ros2_ws/src/distance_warning/install/distance_warning/include/distance_warning/distance_warning
-- Installing: /home/evice2457/ros2_ws/src/distance_warning/install/distance_warning/include/distance_warning/distance_warning/srv
-- Installing: /home/evice2457/ros2_ws/src/distance_warning/install/distance_warning/include/distance_warning/distance_warning/srv/detail
-- Installing: /home/evice2457/ros2_ws/src/distance_warning/install/distance_warning/include/distance_warning/distance_warning/srv/detail/set_threshold__functions.h
-- Installing: /home/evice2457/ros2_ws/src/distance_warning/install/distance_warning/include/distance_warning/distance_warning/srv/detail/set_threshold__type_support.h
-- Installing: /home/evice2457/ros2_ws/src/distance_warning/install/distance_warning/include/distance_warning/distance_warning/srv/detail/set_threshold__struct.h
-- Installing: /home/evice2457/ros2_ws/src/distance_warning/install/distance_warning/include/distance_warning/distance_warning/srv/detail/set_threshold__functions.c
-- Installing: /home/evice2457/ros2_ws/src/distance_warning/install/distance_warning/include/distance_warning/distance_warning/srv/set_threshold.h
-- Installing: /home/evice2457/ros2_ws/src/distance_warning/install/distance_warning/include/distance_warning/distance_warning/msg
-- Installing: /home/evice2457/ros2_ws/src/distance_warning/install/distance_warning/include/distance_warning/distance_warning/msg/rosidl_generator_c__visibility_control.h
-- Installing: /home/evice2457/ros2_ws/src/distance_warning/install/distance_warning/include/distance_warning/distance_warning/action
-- Installing: /home/evice2457/ros2_ws/src/distance_warning/install/distance_warning/include/distance_warning/distance_warning/action/detail
-- Installing: /home/evice2457/ros2_ws/src/distance_warning/install/distance_warning/include/distance_warning/distance_warning/action/detail/check_distance__type_support.h
-- Installing: /home/evice2457/ros2_ws/src/distance_warning/install/distance_warning/include/distance_warning/distance_warning/action/detail/check_distance__functions.h
-- Installing: /home/evice2457/ros2_ws/src/distance_warning/install/distance_warning/include/distance_warning/distance_warning/action/detail/check_distance__struct.h
-- Installing: /home/evice2457/ros2_ws/src/distance_warning/install/distance_warning/include/distance_warning/distance_warning/action/detail/check_distance__functions.c
-- Installing: /home/evice2457/ros2_ws/src/distance_warning/install/distance_warning/include/distance_warning/distance_warning/action/check_distance.h
-- Installing: /home/evice2457/ros2_ws/src/distance_warning/install/distance_warning/share/distance_warning/environment/library_path.sh
-- Installing: /home/evice2457/ros2_ws/src/distance_warning/install/distance_warning/share/distance_warning/environment/library_path.dsv
-- Installing: /home/evice2457/ros2_ws/src/distance_warning/install/distance_warning/lib/libdistance_warning__rosidl_generator_c.so
-- Set runtime path of "/home/evice2457/ros2_ws/src/distance_warning/install/distance_warning/lib/libdistance_warning__rosidl_generator_c.so" to ""
-- Up-to-date: /home/evice2457/ros2_ws/src/distance_warning/install/distance_warning/include/distance_warning/distance_warning
-- Up-to-date: /home/evice2457/ros2_ws/src/distance_warning/install/distance_warning/include/distance_warning/distance_warning/srv
-- Up-to-date: /home/evice2457/ros2_ws/src/distance_warning/install/distance_warning/include/distance_warning/distance_warning/srv/detail
-- Installing: /home/evice2457/ros2_ws/src/distance_warning/install/distance_warning/include/distance_warning/distance_warning/srv/detail/set_threshold__rosidl_typesupport_fastrtps_c.h
-- Up-to-date: /home/evice2457/ros2_ws/src/distance_warning/install/distance_warning/include/distance_warning/distance_warning/msg
-- Installing: /home/evice2457/ros2_ws/src/distance_warning/install/distance_warning/include/distance_warning/distance_warning/msg/rosidl_typesupport_fastrtps_c__visibility_control.h
-- Up-to-date: /home/evice2457/ros2_ws/src/distance_warning/install/distance_warning/include/distance_warning/distance_warning/action
-- Up-to-date: /home/evice2457/ros2_ws/src/distance_warning/install/distance_warning/include/distance_warning/distance_warning/action/detail
-- Installing: /home/evice2457/ros2_ws/src/distance_warning/install/distance_warning/include/distance_warning/distance_warning/action/detail/check_distance__rosidl_typesupport_fastrtps_c.h
-- Installing: /home/evice2457/ros2_ws/src/distance_warning/install/distance_warning/lib/libdistance_warning__rosidl_typesupport_fastrtps_c.so
-- Set runtime path of "/home/evice2457/ros2_ws/src/distance_warning/install/distance_warning/lib/libdistance_warning__rosidl_typesupport_fastrtps_c.so" to ""
-- Up-to-date: /home/evice2457/ros2_ws/src/distance_warning/install/distance_warning/include/distance_warning/distance_warning
-- Up-to-date: /home/evice2457/ros2_ws/src/distance_warning/install/distance_warning/include/distance_warning/distance_warning/srv
-- Up-to-date: /home/evice2457/ros2_ws/src/distance_warning/install/distance_warning/include/distance_warning/distance_warning/srv/detail
-- Installing: /home/evice2457/ros2_ws/src/distance_warning/install/distance_warning/include/distance_warning/distance_warning/srv/detail/set_threshold__builder.hpp
-- Installing: /home/evice2457/ros2_ws/src/distance_warning/install/distance_warning/include/distance_warning/distance_warning/srv/detail/set_threshold__type_support.hpp
-- Installing: /home/evice2457/ros2_ws/src/distance_warning/install/distance_warning/include/distance_warning/distance_warning/srv/detail/set_threshold__struct.hpp
-- Installing: /home/evice2457/ros2_ws/src/distance_warning/install/distance_warning/include/distance_warning/distance_warning/srv/detail/set_threshold__traits.hpp
-- Installing: /home/evice2457/ros2_ws/src/distance_warning/install/distance_warning/include/distance_warning/distance_warning/srv/set_threshold.hpp
-- Up-to-date: /home/evice2457/ros2_ws/src/distance_warning/install/distance_warning/include/distance_warning/distance_warning/msg
-- Installing: /home/evice2457/ros2_ws/src/distance_warning/install/distance_warning/include/distance_warning/distance_warning/msg/rosidl_generator_cpp__visibility_control.hpp
-- Up-to-date: /home/evice2457/ros2_ws/src/distance_warning/install/distance_warning/include/distance_warning/distance_warning/action
-- Up-to-date: /home/evice2457/ros2_ws/src/distance_warning/install/distance_warning/include/distance_warning/distance_warning/action/detail
-- Installing: /home/evice2457/ros2_ws/src/distance_warning/install/distance_warning/include/distance_warning/distance_warning/action/detail/check_distance__builder.hpp
-- Installing: /home/evice2457/ros2_ws/src/distance_warning/install/distance_warning/include/distance_warning/distance_warning/action/detail/check_distance__traits.hpp
-- Installing: /home/evice2457/ros2_ws/src/distance_warning/install/distance_warning/include/distance_warning/distance_warning/action/detail/check_distance__struct.hpp
-- Installing: /home/evice2457/ros2_ws/src/distance_warning/install/distance_warning/include/distance_warning/distance_warning/action/detail/check_distance__type_support.hpp
-- Installing: /home/evice2457/ros2_ws/src/distance_warning/install/distance_warning/include/distance_warning/distance_warning/action/check_distance.hpp
-- Up-to-date: /home/evice2457/ros2_ws/src/distance_warning/install/distance_warning/include/distance_warning/distance_warning
-- Up-to-date: /home/evice2457/ros2_ws/src/distance_warning/install/distance_warning/include/distance_warning/distance_warning/srv
-- Up-to-date: /home/evice2457/ros2_ws/src/distance_warning/install/distance_warning/include/distance_warning/distance_warning/srv/detail
-- Installing: /home/evice2457/ros2_ws/src/distance_warning/install/distance_warning/include/distance_warning/distance_warning/srv/detail/set_threshold__rosidl_typesupport_fastrtps_cpp.hpp
-- Installing: /home/evice2457/ros2_ws/src/distance_warning/install/distance_warning/include/distance_warning/distance_warning/srv/detail/dds_fastrtps
-- Up-to-date: /home/evice2457/ros2_ws/src/distance_warning/install/distance_warning/include/distance_warning/distance_warning/msg
-- Installing: /home/evice2457/ros2_ws/src/distance_warning/install/distance_warning/include/distance_warning/distance_warning/msg/rosidl_typesupport_fastrtps_cpp__visibility_control.h
-- Up-to-date: /home/evice2457/ros2_ws/src/distance_warning/install/distance_warning/include/distance_warning/distance_warning/action
-- Up-to-date: /home/evice2457/ros2_ws/src/distance_warning/install/distance_warning/include/distance_warning/distance_warning/action/detail
-- Installing: /home/evice2457/ros2_ws/src/distance_warning/install/distance_warning/include/distance_warning/distance_warning/action/detail/check_distance__rosidl_typesupport_fastrtps_cpp.hpp
-- Installing: /home/evice2457/ros2_ws/src/distance_warning/install/distance_warning/include/distance_warning/distance_warning/action/detail/dds_fastrtps
-- Installing: /home/evice2457/ros2_ws/src/distance_warning/install/distance_warning/lib/libdistance_warning__rosidl_typesupport_fastrtps_cpp.so
-- Set runtime path of "/home/evice2457/ros2_ws/src/distance_warning/install/distance_warning/lib/libdistance_warning__rosidl_typesupport_fastrtps_cpp.so" to ""
-- Up-to-date: /home/evice2457/ros2_ws/src/distance_warning/install/distance_warning/include/distance_warning/distance_warning
-- Up-to-date: /home/evice2457/ros2_ws/src/distance_warning/install/distance_warning/include/distance_warning/distance_warning/srv
-- Up-to-date: /home/evice2457/ros2_ws/src/distance_warning/install/distance_warning/include/distance_warning/distance_warning/srv/detail
-- Installing: /home/evice2457/ros2_ws/src/distance_warning/install/distance_warning/include/distance_warning/distance_warning/srv/detail/set_threshold__rosidl_typesupport_introspection_c.h
-- Installing: /home/evice2457/ros2_ws/src/distance_warning/install/distance_warning/include/distance_warning/distance_warning/srv/detail/set_threshold__type_support.c
-- Up-to-date: /home/evice2457/ros2_ws/src/distance_warning/install/distance_warning/include/distance_warning/distance_warning/msg
-- Installing: /home/evice2457/ros2_ws/src/distance_warning/install/distance_warning/include/distance_warning/distance_warning/msg/rosidl_typesupport_introspection_c__visibility_control.h
-- Up-to-date: /home/evice2457/ros2_ws/src/distance_warning/install/distance_warning/include/distance_warning/distance_warning/action
-- Up-to-date: /home/evice2457/ros2_ws/src/distance_warning/install/distance_warning/include/distance_warning/distance_warning/action/detail
-- Installing: /home/evice2457/ros2_ws/src/distance_warning/install/distance_warning/include/distance_warning/distance_warning/action/detail/check_distance__rosidl_typesupport_introspection_c.h
-- Installing: /home/evice2457/ros2_ws/src/distance_warning/install/distance_warning/include/distance_warning/distance_warning/action/detail/check_distance__type_support.c
-- Installing: /home/evice2457/ros2_ws/src/distance_warning/install/distance_warning/lib/libdistance_warning__rosidl_typesupport_introspection_c.so
-- Set runtime path of "/home/evice2457/ros2_ws/src/distance_warning/install/distance_warning/lib/libdistance_warning__rosidl_typesupport_introspection_c.so" to ""
-- Installing: /home/evice2457/ros2_ws/src/distance_warning/install/distance_warning/lib/libdistance_warning__rosidl_typesupport_c.so
-- Set runtime path of "/home/evice2457/ros2_ws/src/distance_warning/install/distance_warning/lib/libdistance_warning__rosidl_typesupport_c.so" to ""
-- Up-to-date: /home/evice2457/ros2_ws/src/distance_warning/install/distance_warning/include/distance_warning/distance_warning
-- Up-to-date: /home/evice2457/ros2_ws/src/distance_warning/install/distance_warning/include/distance_warning/distance_warning/srv
-- Up-to-date: /home/evice2457/ros2_ws/src/distance_warning/install/distance_warning/include/distance_warning/distance_warning/srv/detail
-- Installing: /home/evice2457/ros2_ws/src/distance_warning/install/distance_warning/include/distance_warning/distance_warning/srv/detail/set_threshold__type_support.cpp
-- Installing: /home/evice2457/ros2_ws/src/distance_warning/install/distance_warning/include/distance_warning/distance_warning/srv/detail/set_threshold__rosidl_typesupport_introspection_cpp.hpp
-- Up-to-date: /home/evice2457/ros2_ws/src/distance_warning/install/distance_warning/include/distance_warning/distance_warning/action
-- Up-to-date: /home/evice2457/ros2_ws/src/distance_warning/install/distance_warning/include/distance_warning/distance_warning/action/detail
-- Installing: /home/evice2457/ros2_ws/src/distance_warning/install/distance_warning/include/distance_warning/distance_warning/action/detail/check_distance__type_support.cpp
-- Installing: /home/evice2457/ros2_ws/src/distance_warning/install/distance_warning/include/distance_warning/distance_warning/action/detail/check_distance__rosidl_typesupport_introspection_cpp.hpp
-- Installing: /home/evice2457/ros2_ws/src/distance_warning/install/distance_warning/lib/libdistance_warning__rosidl_typesupport_introspection_cpp.so
-- Set runtime path of "/home/evice2457/ros2_ws/src/distance_warning/install/distance_warning/lib/libdistance_warning__rosidl_typesupport_introspection_cpp.so" to ""
-- Installing: /home/evice2457/ros2_ws/src/distance_warning/install/distance_warning/lib/libdistance_warning__rosidl_typesupport_cpp.so
-- Set runtime path of "/home/evice2457/ros2_ws/src/distance_warning/install/distance_warning/lib/libdistance_warning__rosidl_typesupport_cpp.so" to ""
-- Installing: /home/evice2457/ros2_ws/src/distance_warning/install/distance_warning/share/distance_warning/environment/pythonpath.sh
-- Installing: /home/evice2457/ros2_ws/src/distance_warning/install/distance_warning/share/distance_warning/environment/pythonpath.dsv
-- Installing: /home/evice2457/ros2_ws/src/distance_warning/install/distance_warning/local/lib/python3.10/dist-packages/distance_warning-0.0.0-py3.10.egg-info
-- Installing: /home/evice2457/ros2_ws/src/distance_warning/install/distance_warning/local/lib/python3.10/dist-packages/distance_warning-0.0.0-py3.10.egg-info/PKG-INFO
-- Installing: /home/evice2457/ros2_ws/src/distance_warning/install/distance_warning/local/lib/python3.10/dist-packages/distance_warning-0.0.0-py3.10.egg-info/SOURCES.txt
-- Installing: /home/evice2457/ros2_ws/src/distance_warning/install/distance_warning/local/lib/python3.10/dist-packages/distance_warning-0.0.0-py3.10.egg-info/top_level.txt
-- Installing: /home/evice2457/ros2_ws/src/distance_warning/install/distance_warning/local/lib/python3.10/dist-packages/distance_warning-0.0.0-py3.10.egg-info/dependency_links.txt
-- Installing: /home/evice2457/ros2_ws/src/distance_warning/install/distance_warning/local/lib/python3.10/dist-packages/distance_warning
-- Installing: /home/evice2457/ros2_ws/src/distance_warning/install/distance_warning/local/lib/python3.10/dist-packages/distance_warning/_distance_warning_s.ep.rosidl_typesupport_introspection_c.c
-- Installing: /home/evice2457/ros2_ws/src/distance_warning/install/distance_warning/local/lib/python3.10/dist-packages/distance_warning/_distance_warning_s.ep.rosidl_typesupport_fastrtps_c.c
-- Installing: /home/evice2457/ros2_ws/src/distance_warning/install/distance_warning/local/lib/python3.10/dist-packages/distance_warning/distance_warning_s__rosidl_typesupport_introspection_c.cpython-310-aarch64-linux-gnu.so
-- Installing: /home/evice2457/ros2_ws/src/distance_warning/install/distance_warning/local/lib/python3.10/dist-packages/distance_warning/libdistance_warning__rosidl_generator_py.so
-- Installing: /home/evice2457/ros2_ws/src/distance_warning/install/distance_warning/local/lib/python3.10/dist-packages/distance_warning/srv
-- Installing: /home/evice2457/ros2_ws/src/distance_warning/install/distance_warning/local/lib/python3.10/dist-packages/distance_warning/srv/__init__.py
-- Installing: /home/evice2457/ros2_ws/src/distance_warning/install/distance_warning/local/lib/python3.10/dist-packages/distance_warning/srv/_set_threshold_s.c
-- Installing: /home/evice2457/ros2_ws/src/distance_warning/install/distance_warning/local/lib/python3.10/dist-packages/distance_warning/srv/_set_threshold.py
-- Installing: /home/evice2457/ros2_ws/src/distance_warning/install/distance_warning/local/lib/python3.10/dist-packages/distance_warning/_distance_warning_s.ep.rosidl_typesupport_c.c
-- Installing: /home/evice2457/ros2_ws/src/distance_warning/install/distance_warning/local/lib/python3.10/dist-packages/distance_warning/__init__.py
-- Installing: /home/evice2457/ros2_ws/src/distance_warning/install/distance_warning/local/lib/python3.10/dist-packages/distance_warning/distance_warning_s__rosidl_typesupport_fastrtps_c.cpython-310-aarch64-linux-gnu.so
-- Installing: /home/evice2457/ros2_ws/src/distance_warning/install/distance_warning/local/lib/python3.10/dist-packages/distance_warning/distance_warning_s__rosidl_typesupport_c.cpython-310-aarch64-linux-gnu.so
-- Installing: /home/evice2457/ros2_ws/src/distance_warning/install/distance_warning/local/lib/python3.10/dist-packages/distance_warning/action
-- Installing: /home/evice2457/ros2_ws/src/distance_warning/install/distance_warning/local/lib/python3.10/dist-packages/distance_warning/action/_check_distance.py
-- Installing: /home/evice2457/ros2_ws/src/distance_warning/install/distance_warning/local/lib/python3.10/dist-packages/distance_warning/action/__init__.py
-- Installing: /home/evice2457/ros2_ws/src/distance_warning/install/distance_warning/local/lib/python3.10/dist-packages/distance_warning/action/_check_distance_s.c
Listing '/home/evice2457/ros2_ws/src/distance_warning/install/distance_warning/local/lib/python3.10/dist-packages/distance_warning'...
Compiling '/home/evice2457/ros2_ws/src/distance_warning/install/distance_warning/local/lib/python3.10/dist-packages/distance_warning/__init__.py'...
Listing '/home/evice2457/ros2_ws/src/distance_warning/install/distance_warning/local/lib/python3.10/dist-packages/distance_warning/action'...
Compiling '/home/evice2457/ros2_ws/src/distance_warning/install/distance_warning/local/lib/python3.10/dist-packages/distance_warning/action/__init__.py'...
Compiling '/home/evice2457/ros2_ws/src/distance_warning/install/distance_warning/local/lib/python3.10/dist-packages/distance_warning/action/_check_distance.py'...
Listing '/home/evice2457/ros2_ws/src/distance_warning/install/distance_warning/local/lib/python3.10/dist-packages/distance_warning/srv'...
Compiling '/home/evice2457/ros2_ws/src/distance_warning/install/distance_warning/local/lib/python3.10/dist-packages/distance_warning/srv/__init__.py'...
Compiling '/home/evice2457/ros2_ws/src/distance_warning/install/distance_warning/local/lib/python3.10/dist-packages/distance_warning/srv/_set_threshold.py'...
-- Installing: /home/evice2457/ros2_ws/src/distance_warning/install/distance_warning/local/lib/python3.10/dist-packages/distance_warning/distance_warning_s__rosidl_typesupport_fastrtps_c.cpython-310-aarch64-linux-gnu.so
-- Set runtime path of "/home/evice2457/ros2_ws/src/distance_warning/install/distance_warning/local/lib/python3.10/dist-packages/distance_warning/distance_warning_s__rosidl_typesupport_fastrtps_c.cpython-310-aarch64-linux-gnu.so" to ""
-- Installing: /home/evice2457/ros2_ws/src/distance_warning/install/distance_warning/local/lib/python3.10/dist-packages/distance_warning/distance_warning_s__rosidl_typesupport_introspection_c.cpython-310-aarch64-linux-gnu.so
-- Set runtime path of "/home/evice2457/ros2_ws/src/distance_warning/install/distance_warning/local/lib/python3.10/dist-packages/distance_warning/distance_warning_s__rosidl_typesupport_introspection_c.cpython-310-aarch64-linux-gnu.so" to ""
-- Installing: /home/evice2457/ros2_ws/src/distance_warning/install/distance_warning/local/lib/python3.10/dist-packages/distance_warning/distance_warning_s__rosidl_typesupport_c.cpython-310-aarch64-linux-gnu.so
-- Set runtime path of "/home/evice2457/ros2_ws/src/distance_warning/install/distance_warning/local/lib/python3.10/dist-packages/distance_warning/distance_warning_s__rosidl_typesupport_c.cpython-310-aarch64-linux-gnu.so" to ""
-- Installing: /home/evice2457/ros2_ws/src/distance_warning/install/distance_warning/lib/libdistance_warning__rosidl_generator_py.so
-- Set runtime path of "/home/evice2457/ros2_ws/src/distance_warning/install/distance_warning/lib/libdistance_warning__rosidl_generator_py.so" to ""
-- Installing: /home/evice2457/ros2_ws/src/distance_warning/install/distance_warning/share/ament_index/resource_index/rust_packages/distance_warning
-- Installing: /home/evice2457/ros2_ws/src/distance_warning/install/distance_warning/share/distance_warning/rust
-- Installing: /home/evice2457/ros2_ws/src/distance_warning/install/distance_warning/share/distance_warning/rust/Cargo.toml
-- Installing: /home/evice2457/ros2_ws/src/distance_warning/install/distance_warning/share/distance_warning/rust/build.rs
-- Installing: /home/evice2457/ros2_ws/src/distance_warning/install/distance_warning/share/distance_warning/rust/src
-- Installing: /home/evice2457/ros2_ws/src/distance_warning/install/distance_warning/share/distance_warning/rust/src/srv
-- Installing: /home/evice2457/ros2_ws/src/distance_warning/install/distance_warning/share/distance_warning/rust/src/srv/rmw.rs
-- Installing: /home/evice2457/ros2_ws/src/distance_warning/install/distance_warning/share/distance_warning/rust/src/srv.rs
-- Installing: /home/evice2457/ros2_ws/src/distance_warning/install/distance_warning/share/distance_warning/rust/src/action.rs
-- Installing: /home/evice2457/ros2_ws/src/distance_warning/install/distance_warning/share/distance_warning/rust/src/lib.rs
-- Installing: /home/evice2457/ros2_ws/src/distance_warning/install/distance_warning/share/distance_warning/rust/src/action
-- Installing: /home/evice2457/ros2_ws/src/distance_warning/install/distance_warning/share/distance_warning/rust/src/action/rmw.rs
-- Installing: /home/evice2457/ros2_ws/src/distance_warning/install/distance_warning/share/distance_warning/srv/SetThreshold.idl
-- Installing: /home/evice2457/ros2_ws/src/distance_warning/install/distance_warning/share/distance_warning/action/CheckDistance.idl
-- Installing: /home/evice2457/ros2_ws/src/distance_warning/install/distance_warning/share/distance_warning/srv/SetThreshold.srv
-- Installing: /home/evice2457/ros2_ws/src/distance_warning/install/distance_warning/share/distance_warning/srv/SetThreshold_Request.msg
-- Installing: /home/evice2457/ros2_ws/src/distance_warning/install/distance_warning/share/distance_warning/srv/SetThreshold_Response.msg
-- Installing: /home/evice2457/ros2_ws/src/distance_warning/install/distance_warning/share/distance_warning/action/CheckDistance.action
-- Installing: /home/evice2457/ros2_ws/src/distance_warning/install/distance_warning/lib/distance_warning/distance_publisher
-- Set runtime path of "/home/evice2457/ros2_ws/src/distance_warning/install/distance_warning/lib/distance_warning/distance_publisher" to ""
-- Installing: /home/evice2457/ros2_ws/src/distance_warning/install/distance_warning/lib/distance_warning/distance_listener
-- Set runtime path of "/home/evice2457/ros2_ws/src/distance_warning/install/distance_warning/lib/distance_warning/distance_listener" to ""
-- Installing: /home/evice2457/ros2_ws/src/distance_warning/install/distance_warning/lib/distance_warning/set_threshold_service
-- Set runtime path of "/home/evice2457/ros2_ws/src/distance_warning/install/distance_warning/lib/distance_warning/set_threshold_service" to ""
-- Installing: /home/evice2457/ros2_ws/src/distance_warning/install/distance_warning/lib/distance_warning/distance_action_server
-- Set runtime path of "/home/evice2457/ros2_ws/src/distance_warning/install/distance_warning/lib/distance_warning/distance_action_server" to ""
-- Installing: /home/evice2457/ros2_ws/src/distance_warning/install/distance_warning/lib/distance_warning/distance_action_client
-- Set runtime path of "/home/evice2457/ros2_ws/src/distance_warning/install/distance_warning/lib/distance_warning/distance_action_client" to ""
-- Installing: /home/evice2457/ros2_ws/src/distance_warning/install/distance_warning/lib/distance_warning/distance_tf_broadcaster
-- Set runtime path of "/home/evice2457/ros2_ws/src/distance_warning/install/distance_warning/lib/distance_warning/distance_tf_broadcaster" to ""
-- Installing: /home/evice2457/ros2_ws/src/distance_warning/install/distance_warning/lib/distance_warning/distance_tf_listener
-- Set runtime path of "/home/evice2457/ros2_ws/src/distance_warning/install/distance_warning/lib/distance_warning/distance_tf_listener" to ""
-- Installing: /home/evice2457/ros2_ws/src/distance_warning/install/distance_warning/share/distance_warning/launch
-- Installing: /home/evice2457/ros2_ws/src/distance_warning/install/distance_warning/share/distance_warning/launch/distance_warning.launch.py
-- Installing: /home/evice2457/ros2_ws/src/distance_warning/install/distance_warning/share/ament_index/resource_index/package_run_dependencies/distance_warning
-- Installing: /home/evice2457/ros2_ws/src/distance_warning/install/distance_warning/share/ament_index/resource_index/parent_prefix_path/distance_warning
-- Installing: /home/evice2457/ros2_ws/src/distance_warning/install/distance_warning/share/distance_warning/environment/ament_prefix_path.sh
-- Installing: /home/evice2457/ros2_ws/src/distance_warning/install/distance_warning/share/distance_warning/environment/ament_prefix_path.dsv
-- Installing: /home/evice2457/ros2_ws/src/distance_warning/install/distance_warning/share/distance_warning/environment/path.sh
-- Installing: /home/evice2457/ros2_ws/src/distance_warning/install/distance_warning/share/distance_warning/environment/path.dsv
-- Installing: /home/evice2457/ros2_ws/src/distance_warning/install/distance_warning/share/distance_warning/local_setup.bash
-- Installing: /home/evice2457/ros2_ws/src/distance_warning/install/distance_warning/share/distance_warning/local_setup.sh
-- Installing: /home/evice2457/ros2_ws/src/distance_warning/install/distance_warning/share/distance_warning/local_setup.zsh
-- Installing: /home/evice2457/ros2_ws/src/distance_warning/install/distance_warning/share/distance_warning/local_setup.dsv
-- Installing: /home/evice2457/ros2_ws/src/distance_warning/install/distance_warning/share/distance_warning/package.dsv
-- Installing: /home/evice2457/ros2_ws/src/distance_warning/install/distance_warning/share/ament_index/resource_index/packages/distance_warning
-- Installing: /home/evice2457/ros2_ws/src/distance_warning/install/distance_warning/share/distance_warning/cmake/export_distance_warning__rosidl_generator_cExport.cmake
-- Installing: /home/evice2457/ros2_ws/src/distance_warning/install/distance_warning/share/distance_warning/cmake/export_distance_warning__rosidl_generator_cExport-noconfig.cmake
-- Installing: /home/evice2457/ros2_ws/src/distance_warning/install/distance_warning/share/distance_warning/cmake/export_distance_warning__rosidl_typesupport_fastrtps_cExport.cmake
-- Installing: /home/evice2457/ros2_ws/src/distance_warning/install/distance_warning/share/distance_warning/cmake/export_distance_warning__rosidl_typesupport_fastrtps_cExport-noconfig.cmake
-- Installing: /home/evice2457/ros2_ws/src/distance_warning/install/distance_warning/share/distance_warning/cmake/export_distance_warning__rosidl_generator_cppExport.cmake
-- Installing: /home/evice2457/ros2_ws/src/distance_warning/install/distance_warning/share/distance_warning/cmake/export_distance_warning__rosidl_typesupport_fastrtps_cppExport.cmake
-- Installing: /home/evice2457/ros2_ws/src/distance_warning/install/distance_warning/share/distance_warning/cmake/export_distance_warning__rosidl_typesupport_fastrtps_cppExport-noconfig.cmake
-- Installing: /home/evice2457/ros2_ws/src/distance_warning/install/distance_warning/share/distance_warning/cmake/distance_warning__rosidl_typesupport_introspection_cExport.cmake
-- Installing: /home/evice2457/ros2_ws/src/distance_warning/install/distance_warning/share/distance_warning/cmake/distance_warning__rosidl_typesupport_introspection_cExport-noconfig.cmake
-- Installing: /home/evice2457/ros2_ws/src/distance_warning/install/distance_warning/share/distance_warning/cmake/distance_warning__rosidl_typesupport_cExport.cmake
-- Installing: /home/evice2457/ros2_ws/src/distance_warning/install/distance_warning/share/distance_warning/cmake/distance_warning__rosidl_typesupport_cExport-noconfig.cmake
-- Installing: /home/evice2457/ros2_ws/src/distance_warning/install/distance_warning/share/distance_warning/cmake/distance_warning__rosidl_typesupport_introspection_cppExport.cmake
-- Installing: /home/evice2457/ros2_ws/src/distance_warning/install/distance_warning/share/distance_warning/cmake/distance_warning__rosidl_typesupport_introspection_cppExport-noconfig.cmake
-- Installing: /home/evice2457/ros2_ws/src/distance_warning/install/distance_warning/share/distance_warning/cmake/distance_warning__rosidl_typesupport_cppExport.cmake
-- Installing: /home/evice2457/ros2_ws/src/distance_warning/install/distance_warning/share/distance_warning/cmake/distance_warning__rosidl_typesupport_cppExport-noconfig.cmake
-- Installing: /home/evice2457/ros2_ws/src/distance_warning/install/distance_warning/share/distance_warning/cmake/export_distance_warning__rosidl_generator_pyExport.cmake
-- Installing: /home/evice2457/ros2_ws/src/distance_warning/install/distance_warning/share/distance_warning/cmake/export_distance_warning__rosidl_generator_pyExport-noconfig.cmake
-- Installing: /home/evice2457/ros2_ws/src/distance_warning/install/distance_warning/share/distance_warning/cmake/rosidl_cmake-extras.cmake
-- Installing: /home/evice2457/ros2_ws/src/distance_warning/install/distance_warning/share/distance_warning/cmake/ament_cmake_export_dependencies-extras.cmake
-- Installing: /home/evice2457/ros2_ws/src/distance_warning/install/distance_warning/share/distance_warning/cmake/ament_cmake_export_include_directories-extras.cmake
-- Installing: /home/evice2457/ros2_ws/src/distance_warning/install/distance_warning/share/distance_warning/cmake/ament_cmake_export_libraries-extras.cmake
-- Installing: /home/evice2457/ros2_ws/src/distance_warning/install/distance_warning/share/distance_warning/cmake/ament_cmake_export_targets-extras.cmake
-- Installing: /home/evice2457/ros2_ws/src/distance_warning/install/distance_warning/share/distance_warning/cmake/rosidl_cmake_export_typesupport_targets-extras.cmake
-- Installing: /home/evice2457/ros2_ws/src/distance_warning/install/distance_warning/share/distance_warning/cmake/rosidl_cmake_export_typesupport_libraries-extras.cmake
-- Installing: /home/evice2457/ros2_ws/src/distance_warning/install/distance_warning/share/distance_warning/cmake/distance_warningConfig.cmake
-- Installing: /home/evice2457/ros2_ws/src/distance_warning/install/distance_warning/share/distance_warning/cmake/distance_warningConfig-version.cmake
-- Installing: /home/evice2457/ros2_ws/src/distance_warning/install/distance_warning/share/distance_warning/package.xml
