[0.011s] Invoking command in '/home/evice2457/ros2_ws/src/distance_warning/build/distance_warning': CMAKE_PREFIX_PATH=${CMAKE_PREFIX_PATH}:/home/evice2457/ros2_ws/install/launch_testing_examples:/home/evice2457/ros2_ws/install/examples_rclpy_pointcloud_publisher:/home/evice2457/ros2_ws/install/examples_rclpy_minimal_subscriber:/home/evice2457/ros2_ws/install/examples_rclpy_minimal_service:/home/evice2457/ros2_ws/install/examples_rclpy_minimal_publisher:/home/evice2457/ros2_ws/install/examples_rclpy_minimal_client:/home/evice2457/ros2_ws/install/examples_rclpy_minimal_action_server:/home/evice2457/ros2_ws/install/examples_rclpy_minimal_action_client:/home/evice2457/ros2_ws/install/examples_rclpy_guard_conditions:/home/evice2457/ros2_ws/install/examples_rclpy_executors:/opt/ros/humble /usr/bin/cmake --build /home/evice2457/ros2_ws/src/distance_warning/build/distance_warning -- -j4 -l4
[0.041s] [  7%] Built target distance_warning__rosidl_generator_c
[0.041s] [  9%] Built target distance_warning__rs
[0.044s] [  9%] Built target ament_cmake_python_copy_distance_warning
[0.045s] [ 11%] Built target distance_warning__cpp
[0.053s] [ 14%] Built target distance_publisher
[0.055s] [ 18%] Built target distance_listener
[0.055s] [ 25%] Built target distance_warning__rosidl_typesupport_fastrtps_c
[0.059s] [ 29%] Built target distance_tf_broadcaster
[0.066s] [ 37%] Built target distance_warning__rosidl_typesupport_fastrtps_cpp
[0.068s] [ 44%] Built target distance_warning__rosidl_typesupport_c
[0.069s] [ 51%] Built target distance_warning__rosidl_typesupport_introspection_c
[0.072s] [ 59%] Built target distance_warning__rosidl_typesupport_introspection_cpp
[0.075s] [ 66%] Built target distance_warning__rosidl_typesupport_cpp
[0.083s] [ 66%] Built target distance_warning
[0.095s] [ 70%] Built target set_threshold_service
[0.095s] [ 74%] Built target distance_action_server
[0.101s] [ 75%] Built target distance_warning__py
[0.102s] [35m[1mConsolidate compiler generated dependencies of target distance_tf_listener[0m
[0.110s] [ 79%] Built target distance_action_client
[0.113s] [ 81%] [32mBuilding CXX object CMakeFiles/distance_tf_listener.dir/src/distance_tf_listener.cpp.o[0m
[0.125s] [ 87%] Built target distance_warning__rosidl_generator_py
[0.148s] [ 90%] Built target distance_warning__rosidl_typesupport_introspection_c__pyext
[0.149s] [ 94%] Built target distance_warning__rosidl_typesupport_fastrtps_c__pyext
[0.165s] [ 98%] Built target distance_warning__rosidl_typesupport_c__pyext
[0.214s] running egg_info
[0.214s] writing distance_warning.egg-info/PKG-INFO
[0.215s] writing dependency_links to distance_warning.egg-info/dependency_links.txt
[0.215s] writing top-level names to distance_warning.egg-info/top_level.txt
[0.217s] reading manifest file 'distance_warning.egg-info/SOURCES.txt'
[0.217s] writing manifest file 'distance_warning.egg-info/SOURCES.txt'
[0.235s] [ 98%] Built target ament_cmake_python_build_distance_warning_egg
[2.074s] [100%] [32m[1mLinking CXX executable distance_tf_listener[0m
[2.179s] [100%] Built target distance_tf_listener
[2.185s] Invoked command in '/home/evice2457/ros2_ws/src/distance_warning/build/distance_warning' returned '0': CMAKE_PREFIX_PATH=${CMAKE_PREFIX_PATH}:/home/evice2457/ros2_ws/install/launch_testing_examples:/home/evice2457/ros2_ws/install/examples_rclpy_pointcloud_publisher:/home/evice2457/ros2_ws/install/examples_rclpy_minimal_subscriber:/home/evice2457/ros2_ws/install/examples_rclpy_minimal_service:/home/evice2457/ros2_ws/install/examples_rclpy_minimal_publisher:/home/evice2457/ros2_ws/install/examples_rclpy_minimal_client:/home/evice2457/ros2_ws/install/examples_rclpy_minimal_action_server:/home/evice2457/ros2_ws/install/examples_rclpy_minimal_action_client:/home/evice2457/ros2_ws/install/examples_rclpy_guard_conditions:/home/evice2457/ros2_ws/install/examples_rclpy_executors:/opt/ros/humble /usr/bin/cmake --build /home/evice2457/ros2_ws/src/distance_warning/build/distance_warning -- -j4 -l4
[2.190s] Invoking command in '/home/evice2457/ros2_ws/src/distance_warning/build/distance_warning': CMAKE_PREFIX_PATH=${CMAKE_PREFIX_PATH}:/home/evice2457/ros2_ws/install/launch_testing_examples:/home/evice2457/ros2_ws/install/examples_rclpy_pointcloud_publisher:/home/evice2457/ros2_ws/install/examples_rclpy_minimal_subscriber:/home/evice2457/ros2_ws/install/examples_rclpy_minimal_service:/home/evice2457/ros2_ws/install/examples_rclpy_minimal_publisher:/home/evice2457/ros2_ws/install/examples_rclpy_minimal_client:/home/evice2457/ros2_ws/install/examples_rclpy_minimal_action_server:/home/evice2457/ros2_ws/install/examples_rclpy_minimal_action_client:/home/evice2457/ros2_ws/install/examples_rclpy_guard_conditions:/home/evice2457/ros2_ws/install/examples_rclpy_executors:/opt/ros/humble /usr/bin/cmake --install /home/evice2457/ros2_ws/src/distance_warning/build/distance_warning
[2.193s] -- Install configuration: ""
[2.193s] -- Installing: /home/evice2457/ros2_ws/src/distance_warning/install/distance_warning/share/ament_index/resource_index/rosidl_interfaces/distance_warning
[2.193s] -- Installing: /home/evice2457/ros2_ws/src/distance_warning/install/distance_warning/include/distance_warning/distance_warning
[2.193s] -- Installing: /home/evice2457/ros2_ws/src/distance_warning/install/distance_warning/include/distance_warning/distance_warning/srv
[2.193s] -- Installing: /home/evice2457/ros2_ws/src/distance_warning/install/distance_warning/include/distance_warning/distance_warning/srv/detail
[2.194s] -- Installing: /home/evice2457/ros2_ws/src/distance_warning/install/distance_warning/include/distance_warning/distance_warning/srv/detail/set_threshold__functions.h
[2.194s] -- Installing: /home/evice2457/ros2_ws/src/distance_warning/install/distance_warning/include/distance_warning/distance_warning/srv/detail/set_threshold__type_support.h
[2.194s] -- Installing: /home/evice2457/ros2_ws/src/distance_warning/install/distance_warning/include/distance_warning/distance_warning/srv/detail/set_threshold__struct.h
[2.194s] -- Installing: /home/evice2457/ros2_ws/src/distance_warning/install/distance_warning/include/distance_warning/distance_warning/srv/detail/set_threshold__functions.c
[2.194s] -- Installing: /home/evice2457/ros2_ws/src/distance_warning/install/distance_warning/include/distance_warning/distance_warning/srv/set_threshold.h
[2.194s] -- Installing: /home/evice2457/ros2_ws/src/distance_warning/install/distance_warning/include/distance_warning/distance_warning/msg
[2.194s] -- Installing: /home/evice2457/ros2_ws/src/distance_warning/install/distance_warning/include/distance_warning/distance_warning/msg/rosidl_generator_c__visibility_control.h
[2.194s] -- Installing: /home/evice2457/ros2_ws/src/distance_warning/install/distance_warning/include/distance_warning/distance_warning/action
[2.194s] -- Installing: /home/evice2457/ros2_ws/src/distance_warning/install/distance_warning/include/distance_warning/distance_warning/action/detail
[2.195s] -- Installing: /home/evice2457/ros2_ws/src/distance_warning/install/distance_warning/include/distance_warning/distance_warning/action/detail/check_distance__type_support.h
[2.195s] -- Installing: /home/evice2457/ros2_ws/src/distance_warning/install/distance_warning/include/distance_warning/distance_warning/action/detail/check_distance__functions.h
[2.195s] -- Installing: /home/evice2457/ros2_ws/src/distance_warning/install/distance_warning/include/distance_warning/distance_warning/action/detail/check_distance__struct.h
[2.195s] -- Installing: /home/evice2457/ros2_ws/src/distance_warning/install/distance_warning/include/distance_warning/distance_warning/action/detail/check_distance__functions.c
[2.195s] -- Installing: /home/evice2457/ros2_ws/src/distance_warning/install/distance_warning/include/distance_warning/distance_warning/action/check_distance.h
[2.195s] -- Installing: /home/evice2457/ros2_ws/src/distance_warning/install/distance_warning/share/distance_warning/environment/library_path.sh
[2.195s] -- Installing: /home/evice2457/ros2_ws/src/distance_warning/install/distance_warning/share/distance_warning/environment/library_path.dsv
[2.195s] -- Installing: /home/evice2457/ros2_ws/src/distance_warning/install/distance_warning/lib/libdistance_warning__rosidl_generator_c.so
[2.195s] -- Set runtime path of "/home/evice2457/ros2_ws/src/distance_warning/install/distance_warning/lib/libdistance_warning__rosidl_generator_c.so" to ""
[2.195s] -- Up-to-date: /home/evice2457/ros2_ws/src/distance_warning/install/distance_warning/include/distance_warning/distance_warning
[2.195s] -- Up-to-date: /home/evice2457/ros2_ws/src/distance_warning/install/distance_warning/include/distance_warning/distance_warning/srv
[2.195s] -- Up-to-date: /home/evice2457/ros2_ws/src/distance_warning/install/distance_warning/include/distance_warning/distance_warning/srv/detail
[2.195s] -- Installing: /home/evice2457/ros2_ws/src/distance_warning/install/distance_warning/include/distance_warning/distance_warning/srv/detail/set_threshold__rosidl_typesupport_fastrtps_c.h
[2.195s] -- Up-to-date: /home/evice2457/ros2_ws/src/distance_warning/install/distance_warning/include/distance_warning/distance_warning/msg
[2.195s] -- Installing: /home/evice2457/ros2_ws/src/distance_warning/install/distance_warning/include/distance_warning/distance_warning/msg/rosidl_typesupport_fastrtps_c__visibility_control.h
[2.195s] -- Up-to-date: /home/evice2457/ros2_ws/src/distance_warning/install/distance_warning/include/distance_warning/distance_warning/action
[2.195s] -- Up-to-date: /home/evice2457/ros2_ws/src/distance_warning/install/distance_warning/include/distance_warning/distance_warning/action/detail
[2.195s] -- Installing: /home/evice2457/ros2_ws/src/distance_warning/install/distance_warning/include/distance_warning/distance_warning/action/detail/check_distance__rosidl_typesupport_fastrtps_c.h
[2.196s] -- Installing: /home/evice2457/ros2_ws/src/distance_warning/install/distance_warning/lib/libdistance_warning__rosidl_typesupport_fastrtps_c.so
[2.196s] -- Set runtime path of "/home/evice2457/ros2_ws/src/distance_warning/install/distance_warning/lib/libdistance_warning__rosidl_typesupport_fastrtps_c.so" to ""
[2.196s] -- Up-to-date: /home/evice2457/ros2_ws/src/distance_warning/install/distance_warning/include/distance_warning/distance_warning
[2.196s] -- Up-to-date: /home/evice2457/ros2_ws/src/distance_warning/install/distance_warning/include/distance_warning/distance_warning/srv
[2.196s] -- Up-to-date: /home/evice2457/ros2_ws/src/distance_warning/install/distance_warning/include/distance_warning/distance_warning/srv/detail
[2.196s] -- Installing: /home/evice2457/ros2_ws/src/distance_warning/install/distance_warning/include/distance_warning/distance_warning/srv/detail/set_threshold__builder.hpp
[2.196s] -- Installing: /home/evice2457/ros2_ws/src/distance_warning/install/distance_warning/include/distance_warning/distance_warning/srv/detail/set_threshold__type_support.hpp
[2.196s] -- Installing: /home/evice2457/ros2_ws/src/distance_warning/install/distance_warning/include/distance_warning/distance_warning/srv/detail/set_threshold__struct.hpp
[2.196s] -- Installing: /home/evice2457/ros2_ws/src/distance_warning/install/distance_warning/include/distance_warning/distance_warning/srv/detail/set_threshold__traits.hpp
[2.196s] -- Installing: /home/evice2457/ros2_ws/src/distance_warning/install/distance_warning/include/distance_warning/distance_warning/srv/set_threshold.hpp
[2.196s] -- Up-to-date: /home/evice2457/ros2_ws/src/distance_warning/install/distance_warning/include/distance_warning/distance_warning/msg
[2.196s] -- Installing: /home/evice2457/ros2_ws/src/distance_warning/install/distance_warning/include/distance_warning/distance_warning/msg/rosidl_generator_cpp__visibility_control.hpp
[2.196s] -- Up-to-date: /home/evice2457/ros2_ws/src/distance_warning/install/distance_warning/include/distance_warning/distance_warning/action
[2.196s] -- Up-to-date: /home/evice2457/ros2_ws/src/distance_warning/install/distance_warning/include/distance_warning/distance_warning/action/detail
[2.196s] -- Installing: /home/evice2457/ros2_ws/src/distance_warning/install/distance_warning/include/distance_warning/distance_warning/action/detail/check_distance__builder.hpp
[2.197s] -- Installing: /home/evice2457/ros2_ws/src/distance_warning/install/distance_warning/include/distance_warning/distance_warning/action/detail/check_distance__traits.hpp
[2.197s] -- Installing: /home/evice2457/ros2_ws/src/distance_warning/install/distance_warning/include/distance_warning/distance_warning/action/detail/check_distance__struct.hpp
[2.197s] -- Installing: /home/evice2457/ros2_ws/src/distance_warning/install/distance_warning/include/distance_warning/distance_warning/action/detail/check_distance__type_support.hpp
[2.197s] -- Installing: /home/evice2457/ros2_ws/src/distance_warning/install/distance_warning/include/distance_warning/distance_warning/action/check_distance.hpp
[2.197s] -- Up-to-date: /home/evice2457/ros2_ws/src/distance_warning/install/distance_warning/include/distance_warning/distance_warning
[2.197s] -- Up-to-date: /home/evice2457/ros2_ws/src/distance_warning/install/distance_warning/include/distance_warning/distance_warning/srv
[2.197s] -- Up-to-date: /home/evice2457/ros2_ws/src/distance_warning/install/distance_warning/include/distance_warning/distance_warning/srv/detail
[2.197s] -- Installing: /home/evice2457/ros2_ws/src/distance_warning/install/distance_warning/include/distance_warning/distance_warning/srv/detail/set_threshold__rosidl_typesupport_fastrtps_cpp.hpp
[2.197s] -- Installing: /home/evice2457/ros2_ws/src/distance_warning/install/distance_warning/include/distance_warning/distance_warning/srv/detail/dds_fastrtps
[2.197s] -- Up-to-date: /home/evice2457/ros2_ws/src/distance_warning/install/distance_warning/include/distance_warning/distance_warning/msg
[2.197s] -- Installing: /home/evice2457/ros2_ws/src/distance_warning/install/distance_warning/include/distance_warning/distance_warning/msg/rosidl_typesupport_fastrtps_cpp__visibility_control.h
[2.197s] -- Up-to-date: /home/evice2457/ros2_ws/src/distance_warning/install/distance_warning/include/distance_warning/distance_warning/action
[2.197s] -- Up-to-date: /home/evice2457/ros2_ws/src/distance_warning/install/distance_warning/include/distance_warning/distance_warning/action/detail
[2.197s] -- Installing: /home/evice2457/ros2_ws/src/distance_warning/install/distance_warning/include/distance_warning/distance_warning/action/detail/check_distance__rosidl_typesupport_fastrtps_cpp.hpp
[2.197s] -- Installing: /home/evice2457/ros2_ws/src/distance_warning/install/distance_warning/include/distance_warning/distance_warning/action/detail/dds_fastrtps
[2.197s] -- Installing: /home/evice2457/ros2_ws/src/distance_warning/install/distance_warning/lib/libdistance_warning__rosidl_typesupport_fastrtps_cpp.so
[2.198s] -- Set runtime path of "/home/evice2457/ros2_ws/src/distance_warning/install/distance_warning/lib/libdistance_warning__rosidl_typesupport_fastrtps_cpp.so" to ""
[2.198s] -- Up-to-date: /home/evice2457/ros2_ws/src/distance_warning/install/distance_warning/include/distance_warning/distance_warning
[2.198s] -- Up-to-date: /home/evice2457/ros2_ws/src/distance_warning/install/distance_warning/include/distance_warning/distance_warning/srv
[2.198s] -- Up-to-date: /home/evice2457/ros2_ws/src/distance_warning/install/distance_warning/include/distance_warning/distance_warning/srv/detail
[2.198s] -- Installing: /home/evice2457/ros2_ws/src/distance_warning/install/distance_warning/include/distance_warning/distance_warning/srv/detail/set_threshold__rosidl_typesupport_introspection_c.h
[2.198s] -- Installing: /home/evice2457/ros2_ws/src/distance_warning/install/distance_warning/include/distance_warning/distance_warning/srv/detail/set_threshold__type_support.c
[2.198s] -- Up-to-date: /home/evice2457/ros2_ws/src/distance_warning/install/distance_warning/include/distance_warning/distance_warning/msg
[2.198s] -- Installing: /home/evice2457/ros2_ws/src/distance_warning/install/distance_warning/include/distance_warning/distance_warning/msg/rosidl_typesupport_introspection_c__visibility_control.h
[2.198s] -- Up-to-date: /home/evice2457/ros2_ws/src/distance_warning/install/distance_warning/include/distance_warning/distance_warning/action
[2.198s] -- Up-to-date: /home/evice2457/ros2_ws/src/distance_warning/install/distance_warning/include/distance_warning/distance_warning/action/detail
[2.198s] -- Installing: /home/evice2457/ros2_ws/src/distance_warning/install/distance_warning/include/distance_warning/distance_warning/action/detail/check_distance__rosidl_typesupport_introspection_c.h
[2.198s] -- Installing: /home/evice2457/ros2_ws/src/distance_warning/install/distance_warning/include/distance_warning/distance_warning/action/detail/check_distance__type_support.c
[2.198s] -- Installing: /home/evice2457/ros2_ws/src/distance_warning/install/distance_warning/lib/libdistance_warning__rosidl_typesupport_introspection_c.so
[2.198s] -- Set runtime path of "/home/evice2457/ros2_ws/src/distance_warning/install/distance_warning/lib/libdistance_warning__rosidl_typesupport_introspection_c.so" to ""
[2.198s] -- Installing: /home/evice2457/ros2_ws/src/distance_warning/install/distance_warning/lib/libdistance_warning__rosidl_typesupport_c.so
[2.198s] -- Set runtime path of "/home/evice2457/ros2_ws/src/distance_warning/install/distance_warning/lib/libdistance_warning__rosidl_typesupport_c.so" to ""
[2.198s] -- Up-to-date: /home/evice2457/ros2_ws/src/distance_warning/install/distance_warning/include/distance_warning/distance_warning
[2.198s] -- Up-to-date: /home/evice2457/ros2_ws/src/distance_warning/install/distance_warning/include/distance_warning/distance_warning/srv
[2.198s] -- Up-to-date: /home/evice2457/ros2_ws/src/distance_warning/install/distance_warning/include/distance_warning/distance_warning/srv/detail
[2.198s] -- Installing: /home/evice2457/ros2_ws/src/distance_warning/install/distance_warning/include/distance_warning/distance_warning/srv/detail/set_threshold__type_support.cpp
[2.199s] -- Installing: /home/evice2457/ros2_ws/src/distance_warning/install/distance_warning/include/distance_warning/distance_warning/srv/detail/set_threshold__rosidl_typesupport_introspection_cpp.hpp
[2.199s] -- Up-to-date: /home/evice2457/ros2_ws/src/distance_warning/install/distance_warning/include/distance_warning/distance_warning/action
[2.199s] -- Up-to-date: /home/evice2457/ros2_ws/src/distance_warning/install/distance_warning/include/distance_warning/distance_warning/action/detail
[2.199s] -- Installing: /home/evice2457/ros2_ws/src/distance_warning/install/distance_warning/include/distance_warning/distance_warning/action/detail/check_distance__type_support.cpp
[2.199s] -- Installing: /home/evice2457/ros2_ws/src/distance_warning/install/distance_warning/include/distance_warning/distance_warning/action/detail/check_distance__rosidl_typesupport_introspection_cpp.hpp
[2.199s] -- Installing: /home/evice2457/ros2_ws/src/distance_warning/install/distance_warning/lib/libdistance_warning__rosidl_typesupport_introspection_cpp.so
[2.199s] -- Set runtime path of "/home/evice2457/ros2_ws/src/distance_warning/install/distance_warning/lib/libdistance_warning__rosidl_typesupport_introspection_cpp.so" to ""
[2.199s] -- Installing: /home/evice2457/ros2_ws/src/distance_warning/install/distance_warning/lib/libdistance_warning__rosidl_typesupport_cpp.so
[2.199s] -- Set runtime path of "/home/evice2457/ros2_ws/src/distance_warning/install/distance_warning/lib/libdistance_warning__rosidl_typesupport_cpp.so" to ""
[2.199s] -- Installing: /home/evice2457/ros2_ws/src/distance_warning/install/distance_warning/share/distance_warning/environment/pythonpath.sh
[2.199s] -- Installing: /home/evice2457/ros2_ws/src/distance_warning/install/distance_warning/share/distance_warning/environment/pythonpath.dsv
[2.199s] -- Installing: /home/evice2457/ros2_ws/src/distance_warning/install/distance_warning/local/lib/python3.10/dist-packages/distance_warning-0.0.0-py3.10.egg-info
[2.199s] -- Installing: /home/evice2457/ros2_ws/src/distance_warning/install/distance_warning/local/lib/python3.10/dist-packages/distance_warning-0.0.0-py3.10.egg-info/PKG-INFO
[2.199s] -- Installing: /home/evice2457/ros2_ws/src/distance_warning/install/distance_warning/local/lib/python3.10/dist-packages/distance_warning-0.0.0-py3.10.egg-info/SOURCES.txt
[2.199s] -- Installing: /home/evice2457/ros2_ws/src/distance_warning/install/distance_warning/local/lib/python3.10/dist-packages/distance_warning-0.0.0-py3.10.egg-info/top_level.txt
[2.199s] -- Installing: /home/evice2457/ros2_ws/src/distance_warning/install/distance_warning/local/lib/python3.10/dist-packages/distance_warning-0.0.0-py3.10.egg-info/dependency_links.txt
[2.200s] -- Installing: /home/evice2457/ros2_ws/src/distance_warning/install/distance_warning/local/lib/python3.10/dist-packages/distance_warning
[2.200s] -- Installing: /home/evice2457/ros2_ws/src/distance_warning/install/distance_warning/local/lib/python3.10/dist-packages/distance_warning/_distance_warning_s.ep.rosidl_typesupport_introspection_c.c
[2.200s] -- Installing: /home/evice2457/ros2_ws/src/distance_warning/install/distance_warning/local/lib/python3.10/dist-packages/distance_warning/_distance_warning_s.ep.rosidl_typesupport_fastrtps_c.c
[2.200s] -- Installing: /home/evice2457/ros2_ws/src/distance_warning/install/distance_warning/local/lib/python3.10/dist-packages/distance_warning/distance_warning_s__rosidl_typesupport_introspection_c.cpython-310-aarch64-linux-gnu.so
[2.200s] -- Installing: /home/evice2457/ros2_ws/src/distance_warning/install/distance_warning/local/lib/python3.10/dist-packages/distance_warning/libdistance_warning__rosidl_generator_py.so
[2.200s] -- Installing: /home/evice2457/ros2_ws/src/distance_warning/install/distance_warning/local/lib/python3.10/dist-packages/distance_warning/srv
[2.200s] -- Installing: /home/evice2457/ros2_ws/src/distance_warning/install/distance_warning/local/lib/python3.10/dist-packages/distance_warning/srv/__init__.py
[2.200s] -- Installing: /home/evice2457/ros2_ws/src/distance_warning/install/distance_warning/local/lib/python3.10/dist-packages/distance_warning/srv/_set_threshold_s.c
[2.200s] -- Installing: /home/evice2457/ros2_ws/src/distance_warning/install/distance_warning/local/lib/python3.10/dist-packages/distance_warning/srv/_set_threshold.py
[2.200s] -- Installing: /home/evice2457/ros2_ws/src/distance_warning/install/distance_warning/local/lib/python3.10/dist-packages/distance_warning/_distance_warning_s.ep.rosidl_typesupport_c.c
[2.200s] -- Installing: /home/evice2457/ros2_ws/src/distance_warning/install/distance_warning/local/lib/python3.10/dist-packages/distance_warning/__init__.py
[2.200s] -- Installing: /home/evice2457/ros2_ws/src/distance_warning/install/distance_warning/local/lib/python3.10/dist-packages/distance_warning/distance_warning_s__rosidl_typesupport_fastrtps_c.cpython-310-aarch64-linux-gnu.so
[2.200s] -- Installing: /home/evice2457/ros2_ws/src/distance_warning/install/distance_warning/local/lib/python3.10/dist-packages/distance_warning/distance_warning_s__rosidl_typesupport_c.cpython-310-aarch64-linux-gnu.so
[2.200s] -- Installing: /home/evice2457/ros2_ws/src/distance_warning/install/distance_warning/local/lib/python3.10/dist-packages/distance_warning/action
[2.200s] -- Installing: /home/evice2457/ros2_ws/src/distance_warning/install/distance_warning/local/lib/python3.10/dist-packages/distance_warning/action/_check_distance.py
[2.201s] -- Installing: /home/evice2457/ros2_ws/src/distance_warning/install/distance_warning/local/lib/python3.10/dist-packages/distance_warning/action/__init__.py
[2.201s] -- Installing: /home/evice2457/ros2_ws/src/distance_warning/install/distance_warning/local/lib/python3.10/dist-packages/distance_warning/action/_check_distance_s.c
[2.227s] Listing '/home/evice2457/ros2_ws/src/distance_warning/install/distance_warning/local/lib/python3.10/dist-packages/distance_warning'...
[2.227s] Compiling '/home/evice2457/ros2_ws/src/distance_warning/install/distance_warning/local/lib/python3.10/dist-packages/distance_warning/__init__.py'...
[2.227s] Listing '/home/evice2457/ros2_ws/src/distance_warning/install/distance_warning/local/lib/python3.10/dist-packages/distance_warning/action'...
[2.227s] Compiling '/home/evice2457/ros2_ws/src/distance_warning/install/distance_warning/local/lib/python3.10/dist-packages/distance_warning/action/__init__.py'...
[2.227s] Compiling '/home/evice2457/ros2_ws/src/distance_warning/install/distance_warning/local/lib/python3.10/dist-packages/distance_warning/action/_check_distance.py'...
[2.227s] Listing '/home/evice2457/ros2_ws/src/distance_warning/install/distance_warning/local/lib/python3.10/dist-packages/distance_warning/srv'...
[2.227s] Compiling '/home/evice2457/ros2_ws/src/distance_warning/install/distance_warning/local/lib/python3.10/dist-packages/distance_warning/srv/__init__.py'...
[2.227s] Compiling '/home/evice2457/ros2_ws/src/distance_warning/install/distance_warning/local/lib/python3.10/dist-packages/distance_warning/srv/_set_threshold.py'...
[2.230s] -- Installing: /home/evice2457/ros2_ws/src/distance_warning/install/distance_warning/local/lib/python3.10/dist-packages/distance_warning/distance_warning_s__rosidl_typesupport_fastrtps_c.cpython-310-aarch64-linux-gnu.so
[2.230s] -- Set runtime path of "/home/evice2457/ros2_ws/src/distance_warning/install/distance_warning/local/lib/python3.10/dist-packages/distance_warning/distance_warning_s__rosidl_typesupport_fastrtps_c.cpython-310-aarch64-linux-gnu.so" to ""
[2.230s] -- Installing: /home/evice2457/ros2_ws/src/distance_warning/install/distance_warning/local/lib/python3.10/dist-packages/distance_warning/distance_warning_s__rosidl_typesupport_introspection_c.cpython-310-aarch64-linux-gnu.so
[2.230s] -- Set runtime path of "/home/evice2457/ros2_ws/src/distance_warning/install/distance_warning/local/lib/python3.10/dist-packages/distance_warning/distance_warning_s__rosidl_typesupport_introspection_c.cpython-310-aarch64-linux-gnu.so" to ""
[2.231s] -- Installing: /home/evice2457/ros2_ws/src/distance_warning/install/distance_warning/local/lib/python3.10/dist-packages/distance_warning/distance_warning_s__rosidl_typesupport_c.cpython-310-aarch64-linux-gnu.so
[2.231s] -- Set runtime path of "/home/evice2457/ros2_ws/src/distance_warning/install/distance_warning/local/lib/python3.10/dist-packages/distance_warning/distance_warning_s__rosidl_typesupport_c.cpython-310-aarch64-linux-gnu.so" to ""
[2.231s] -- Installing: /home/evice2457/ros2_ws/src/distance_warning/install/distance_warning/lib/libdistance_warning__rosidl_generator_py.so
[2.231s] -- Set runtime path of "/home/evice2457/ros2_ws/src/distance_warning/install/distance_warning/lib/libdistance_warning__rosidl_generator_py.so" to ""
[2.231s] -- Installing: /home/evice2457/ros2_ws/src/distance_warning/install/distance_warning/share/ament_index/resource_index/rust_packages/distance_warning
[2.231s] -- Installing: /home/evice2457/ros2_ws/src/distance_warning/install/distance_warning/share/distance_warning/rust
[2.231s] -- Installing: /home/evice2457/ros2_ws/src/distance_warning/install/distance_warning/share/distance_warning/rust/Cargo.toml
[2.231s] -- Installing: /home/evice2457/ros2_ws/src/distance_warning/install/distance_warning/share/distance_warning/rust/build.rs
[2.232s] -- Installing: /home/evice2457/ros2_ws/src/distance_warning/install/distance_warning/share/distance_warning/rust/src
[2.232s] -- Installing: /home/evice2457/ros2_ws/src/distance_warning/install/distance_warning/share/distance_warning/rust/src/srv
[2.232s] -- Installing: /home/evice2457/ros2_ws/src/distance_warning/install/distance_warning/share/distance_warning/rust/src/srv/rmw.rs
[2.232s] -- Installing: /home/evice2457/ros2_ws/src/distance_warning/install/distance_warning/share/distance_warning/rust/src/srv.rs
[2.232s] -- Installing: /home/evice2457/ros2_ws/src/distance_warning/install/distance_warning/share/distance_warning/rust/src/action.rs
[2.232s] -- Installing: /home/evice2457/ros2_ws/src/distance_warning/install/distance_warning/share/distance_warning/rust/src/lib.rs
[2.232s] -- Installing: /home/evice2457/ros2_ws/src/distance_warning/install/distance_warning/share/distance_warning/rust/src/action
[2.232s] -- Installing: /home/evice2457/ros2_ws/src/distance_warning/install/distance_warning/share/distance_warning/rust/src/action/rmw.rs
[2.232s] -- Installing: /home/evice2457/ros2_ws/src/distance_warning/install/distance_warning/share/distance_warning/srv/SetThreshold.idl
[2.232s] -- Installing: /home/evice2457/ros2_ws/src/distance_warning/install/distance_warning/share/distance_warning/action/CheckDistance.idl
[2.232s] -- Installing: /home/evice2457/ros2_ws/src/distance_warning/install/distance_warning/share/distance_warning/srv/SetThreshold.srv
[2.232s] -- Installing: /home/evice2457/ros2_ws/src/distance_warning/install/distance_warning/share/distance_warning/srv/SetThreshold_Request.msg
[2.232s] -- Installing: /home/evice2457/ros2_ws/src/distance_warning/install/distance_warning/share/distance_warning/srv/SetThreshold_Response.msg
[2.232s] -- Installing: /home/evice2457/ros2_ws/src/distance_warning/install/distance_warning/share/distance_warning/action/CheckDistance.action
[2.232s] -- Installing: /home/evice2457/ros2_ws/src/distance_warning/install/distance_warning/lib/distance_warning/distance_publisher
[2.233s] -- Set runtime path of "/home/evice2457/ros2_ws/src/distance_warning/install/distance_warning/lib/distance_warning/distance_publisher" to ""
[2.233s] -- Installing: /home/evice2457/ros2_ws/src/distance_warning/install/distance_warning/lib/distance_warning/distance_listener
[2.236s] -- Set runtime path of "/home/evice2457/ros2_ws/src/distance_warning/install/distance_warning/lib/distance_warning/distance_listener" to ""
[2.236s] -- Installing: /home/evice2457/ros2_ws/src/distance_warning/install/distance_warning/lib/distance_warning/set_threshold_service
[2.236s] -- Set runtime path of "/home/evice2457/ros2_ws/src/distance_warning/install/distance_warning/lib/distance_warning/set_threshold_service" to ""
[2.236s] -- Installing: /home/evice2457/ros2_ws/src/distance_warning/install/distance_warning/lib/distance_warning/distance_action_server
[2.237s] -- Set runtime path of "/home/evice2457/ros2_ws/src/distance_warning/install/distance_warning/lib/distance_warning/distance_action_server" to ""
[2.237s] -- Installing: /home/evice2457/ros2_ws/src/distance_warning/install/distance_warning/lib/distance_warning/distance_action_client
[2.238s] -- Set runtime path of "/home/evice2457/ros2_ws/src/distance_warning/install/distance_warning/lib/distance_warning/distance_action_client" to ""
[2.238s] -- Installing: /home/evice2457/ros2_ws/src/distance_warning/install/distance_warning/lib/distance_warning/distance_tf_broadcaster
[2.240s] -- Set runtime path of "/home/evice2457/ros2_ws/src/distance_warning/install/distance_warning/lib/distance_warning/distance_tf_broadcaster" to ""
[2.241s] -- Installing: /home/evice2457/ros2_ws/src/distance_warning/install/distance_warning/lib/distance_warning/distance_tf_listener
[2.241s] -- Set runtime path of "/home/evice2457/ros2_ws/src/distance_warning/install/distance_warning/lib/distance_warning/distance_tf_listener" to ""
[2.241s] -- Installing: /home/evice2457/ros2_ws/src/distance_warning/install/distance_warning/share/distance_warning/launch
[2.241s] -- Installing: /home/evice2457/ros2_ws/src/distance_warning/install/distance_warning/share/distance_warning/launch/distance_warning.launch.py
[2.242s] -- Installing: /home/evice2457/ros2_ws/src/distance_warning/install/distance_warning/share/ament_index/resource_index/package_run_dependencies/distance_warning
[2.242s] -- Installing: /home/evice2457/ros2_ws/src/distance_warning/install/distance_warning/share/ament_index/resource_index/parent_prefix_path/distance_warning
[2.242s] -- Installing: /home/evice2457/ros2_ws/src/distance_warning/install/distance_warning/share/distance_warning/environment/ament_prefix_path.sh
[2.243s] -- Installing: /home/evice2457/ros2_ws/src/distance_warning/install/distance_warning/share/distance_warning/environment/ament_prefix_path.dsv
[2.243s] -- Installing: /home/evice2457/ros2_ws/src/distance_warning/install/distance_warning/share/distance_warning/environment/path.sh
[2.243s] -- Installing: /home/evice2457/ros2_ws/src/distance_warning/install/distance_warning/share/distance_warning/environment/path.dsv
[2.243s] -- Installing: /home/evice2457/ros2_ws/src/distance_warning/install/distance_warning/share/distance_warning/local_setup.bash
[2.243s] -- Installing: /home/evice2457/ros2_ws/src/distance_warning/install/distance_warning/share/distance_warning/local_setup.sh
[2.243s] -- Installing: /home/evice2457/ros2_ws/src/distance_warning/install/distance_warning/share/distance_warning/local_setup.zsh
[2.243s] -- Installing: /home/evice2457/ros2_ws/src/distance_warning/install/distance_warning/share/distance_warning/local_setup.dsv
[2.243s] -- Installing: /home/evice2457/ros2_ws/src/distance_warning/install/distance_warning/share/distance_warning/package.dsv
[2.243s] -- Installing: /home/evice2457/ros2_ws/src/distance_warning/install/distance_warning/share/ament_index/resource_index/packages/distance_warning
[2.243s] -- Installing: /home/evice2457/ros2_ws/src/distance_warning/install/distance_warning/share/distance_warning/cmake/export_distance_warning__rosidl_generator_cExport.cmake
[2.243s] -- Installing: /home/evice2457/ros2_ws/src/distance_warning/install/distance_warning/share/distance_warning/cmake/export_distance_warning__rosidl_generator_cExport-noconfig.cmake
[2.243s] -- Installing: /home/evice2457/ros2_ws/src/distance_warning/install/distance_warning/share/distance_warning/cmake/export_distance_warning__rosidl_typesupport_fastrtps_cExport.cmake
[2.244s] -- Installing: /home/evice2457/ros2_ws/src/distance_warning/install/distance_warning/share/distance_warning/cmake/export_distance_warning__rosidl_typesupport_fastrtps_cExport-noconfig.cmake
[2.244s] -- Installing: /home/evice2457/ros2_ws/src/distance_warning/install/distance_warning/share/distance_warning/cmake/export_distance_warning__rosidl_generator_cppExport.cmake
[2.244s] -- Installing: /home/evice2457/ros2_ws/src/distance_warning/install/distance_warning/share/distance_warning/cmake/export_distance_warning__rosidl_typesupport_fastrtps_cppExport.cmake
[2.244s] -- Installing: /home/evice2457/ros2_ws/src/distance_warning/install/distance_warning/share/distance_warning/cmake/export_distance_warning__rosidl_typesupport_fastrtps_cppExport-noconfig.cmake
[2.244s] -- Installing: /home/evice2457/ros2_ws/src/distance_warning/install/distance_warning/share/distance_warning/cmake/distance_warning__rosidl_typesupport_introspection_cExport.cmake
[2.244s] -- Installing: /home/evice2457/ros2_ws/src/distance_warning/install/distance_warning/share/distance_warning/cmake/distance_warning__rosidl_typesupport_introspection_cExport-noconfig.cmake
[2.244s] -- Installing: /home/evice2457/ros2_ws/src/distance_warning/install/distance_warning/share/distance_warning/cmake/distance_warning__rosidl_typesupport_cExport.cmake
[2.244s] -- Installing: /home/evice2457/ros2_ws/src/distance_warning/install/distance_warning/share/distance_warning/cmake/distance_warning__rosidl_typesupport_cExport-noconfig.cmake
[2.244s] -- Installing: /home/evice2457/ros2_ws/src/distance_warning/install/distance_warning/share/distance_warning/cmake/distance_warning__rosidl_typesupport_introspection_cppExport.cmake
[2.244s] -- Installing: /home/evice2457/ros2_ws/src/distance_warning/install/distance_warning/share/distance_warning/cmake/distance_warning__rosidl_typesupport_introspection_cppExport-noconfig.cmake
[2.245s] -- Installing: /home/evice2457/ros2_ws/src/distance_warning/install/distance_warning/share/distance_warning/cmake/distance_warning__rosidl_typesupport_cppExport.cmake
[2.245s] -- Installing: /home/evice2457/ros2_ws/src/distance_warning/install/distance_warning/share/distance_warning/cmake/distance_warning__rosidl_typesupport_cppExport-noconfig.cmake
[2.245s] -- Installing: /home/evice2457/ros2_ws/src/distance_warning/install/distance_warning/share/distance_warning/cmake/export_distance_warning__rosidl_generator_pyExport.cmake
[2.245s] -- Installing: /home/evice2457/ros2_ws/src/distance_warning/install/distance_warning/share/distance_warning/cmake/export_distance_warning__rosidl_generator_pyExport-noconfig.cmake
[2.245s] -- Installing: /home/evice2457/ros2_ws/src/distance_warning/install/distance_warning/share/distance_warning/cmake/rosidl_cmake-extras.cmake
[2.245s] -- Installing: /home/evice2457/ros2_ws/src/distance_warning/install/distance_warning/share/distance_warning/cmake/ament_cmake_export_dependencies-extras.cmake
[2.245s] -- Installing: /home/evice2457/ros2_ws/src/distance_warning/install/distance_warning/share/distance_warning/cmake/ament_cmake_export_include_directories-extras.cmake
[2.245s] -- Installing: /home/evice2457/ros2_ws/src/distance_warning/install/distance_warning/share/distance_warning/cmake/ament_cmake_export_libraries-extras.cmake
[2.245s] -- Installing: /home/evice2457/ros2_ws/src/distance_warning/install/distance_warning/share/distance_warning/cmake/ament_cmake_export_targets-extras.cmake
[2.245s] -- Installing: /home/evice2457/ros2_ws/src/distance_warning/install/distance_warning/share/distance_warning/cmake/rosidl_cmake_export_typesupport_targets-extras.cmake
[2.245s] -- Installing: /home/evice2457/ros2_ws/src/distance_warning/install/distance_warning/share/distance_warning/cmake/rosidl_cmake_export_typesupport_libraries-extras.cmake
[2.245s] -- Installing: /home/evice2457/ros2_ws/src/distance_warning/install/distance_warning/share/distance_warning/cmake/distance_warningConfig.cmake
[2.245s] -- Installing: /home/evice2457/ros2_ws/src/distance_warning/install/distance_warning/share/distance_warning/cmake/distance_warningConfig-version.cmake
[2.245s] -- Installing: /home/evice2457/ros2_ws/src/distance_warning/install/distance_warning/share/distance_warning/package.xml
[2.247s] Invoked command in '/home/evice2457/ros2_ws/src/distance_warning/build/distance_warning' returned '0': CMAKE_PREFIX_PATH=${CMAKE_PREFIX_PATH}:/home/evice2457/ros2_ws/install/launch_testing_examples:/home/evice2457/ros2_ws/install/examples_rclpy_pointcloud_publisher:/home/evice2457/ros2_ws/install/examples_rclpy_minimal_subscriber:/home/evice2457/ros2_ws/install/examples_rclpy_minimal_service:/home/evice2457/ros2_ws/install/examples_rclpy_minimal_publisher:/home/evice2457/ros2_ws/install/examples_rclpy_minimal_client:/home/evice2457/ros2_ws/install/examples_rclpy_minimal_action_server:/home/evice2457/ros2_ws/install/examples_rclpy_minimal_action_client:/home/evice2457/ros2_ws/install/examples_rclpy_guard_conditions:/home/evice2457/ros2_ws/install/examples_rclpy_executors:/opt/ros/humble /usr/bin/cmake --install /home/evice2457/ros2_ws/src/distance_warning/build/distance_warning
