[0.072s] DEBUG:colcon:Command line arguments: ['/usr/bin/colcon', 'build']
[0.072s] DEBUG:colcon:Parsed command line arguments: Namespace(log_base=None, log_level=None, verb_name='build', build_base='build', install_base='install', merge_install=False, symlink_install=False, test_result_base=None, continue_on_error=False, executor='parallel', parallel_workers=4, event_handlers=None, ignore_user_meta=False, metas=['./colcon.meta'], base_paths=['.'], packages_ignore=None, packages_ignore_regex=None, paths=None, packages_up_to=None, packages_up_to_regex=None, packages_above=None, packages_above_and_dependencies=None, packages_above_depth=None, packages_select_by_dep=None, packages_skip_by_dep=None, packages_skip_up_to=None, packages_select_build_failed=False, packages_skip_build_finished=False, packages_select_test_failures=False, packages_skip_test_passed=False, packages_select=None, packages_skip=None, packages_select_regex=None, packages_skip_regex=None, packages_start=None, packages_end=None, allow_overriding=[], cmake_args=None, cmake_target=None, cmake_target_skip_unavailable=False, cmake_clean_cache=False, cmake_clean_first=False, cmake_force_configure=False, ament_cmake_args=None, catkin_cmake_args=None, catkin_skip_building_tests=False, verb_parser=<colcon_defaults.argument_parser.defaults.DefaultArgumentsDecorator object at 0xffffb34e66e0>, verb_extension=<colcon_core.verb.build.BuildVerb object at 0xffffb3683eb0>, main=<bound method BuildVerb.main of <colcon_core.verb.build.BuildVerb object at 0xffffb3683eb0>>)
[0.170s] Level 1:colcon.colcon_core.package_discovery:discover_packages(colcon_meta) check parameters
[0.170s] Level 1:colcon.colcon_core.package_discovery:discover_packages(recursive) check parameters
[0.171s] Level 1:colcon.colcon_core.package_discovery:discover_packages(ignore) check parameters
[0.171s] Level 1:colcon.colcon_core.package_discovery:discover_packages(path) check parameters
[0.171s] Level 1:colcon.colcon_core.package_discovery:discover_packages(colcon_meta) discover
[0.171s] Level 1:colcon.colcon_core.package_discovery:discover_packages(recursive) discover
[0.171s] INFO:colcon.colcon_core.package_discovery:Crawling recursively for packages in '/home/evice2457/ros2_ws/src/distance_warning'
[0.171s] Level 1:colcon.colcon_core.package_identification:_identify(.) by extensions ['ignore', 'ignore_ament_install']
[0.171s] Level 1:colcon.colcon_core.package_identification:_identify(.) by extension 'ignore'
[0.171s] Level 1:colcon.colcon_core.package_identification:_identify(.) by extension 'ignore_ament_install'
[0.171s] Level 1:colcon.colcon_core.package_identification:_identify(.) by extensions ['colcon_pkg']
[0.171s] Level 1:colcon.colcon_core.package_identification:_identify(.) by extension 'colcon_pkg'
[0.171s] Level 1:colcon.colcon_core.package_identification:_identify(.) by extensions ['colcon_meta']
[0.171s] Level 1:colcon.colcon_core.package_identification:_identify(.) by extension 'colcon_meta'
[0.171s] Level 1:colcon.colcon_core.package_identification:_identify(.) by extensions ['ros']
[0.171s] Level 1:colcon.colcon_core.package_identification:_identify(.) by extension 'ros'
[0.180s] DEBUG:colcon.colcon_core.package_identification:Package '.' with type 'ros.ament_cmake' and name 'distance_warning'
[0.180s] Level 1:colcon.colcon_core.package_discovery:discover_packages(recursive) using defaults
[0.181s] Level 1:colcon.colcon_core.package_discovery:discover_packages(ignore) discover
[0.181s] Level 1:colcon.colcon_core.package_discovery:discover_packages(ignore) using defaults
[0.181s] Level 1:colcon.colcon_core.package_discovery:discover_packages(path) discover
[0.181s] Level 1:colcon.colcon_core.package_discovery:discover_packages(path) using defaults
[0.199s] Level 1:colcon.colcon_core.package_discovery:discover_packages(prefix_path) check parameters
[0.199s] Level 1:colcon.colcon_core.package_discovery:discover_packages(prefix_path) discover
[0.202s] DEBUG:colcon.colcon_installed_package_information.package_discovery:Found 23 installed packages in /home/evice2457/ros2_ws/install
[0.203s] DEBUG:colcon.colcon_installed_package_information.package_discovery:Found 273 installed packages in /opt/ros/humble
[0.210s] Level 1:colcon.colcon_core.package_discovery:discover_packages(prefix_path) using defaults
[0.231s] Level 5:colcon.colcon_core.verb:set package 'distance_warning' build argument 'cmake_args' from command line to 'None'
[0.231s] Level 5:colcon.colcon_core.verb:set package 'distance_warning' build argument 'cmake_target' from command line to 'None'
[0.231s] Level 5:colcon.colcon_core.verb:set package 'distance_warning' build argument 'cmake_target_skip_unavailable' from command line to 'False'
[0.231s] Level 5:colcon.colcon_core.verb:set package 'distance_warning' build argument 'cmake_clean_cache' from command line to 'False'
[0.231s] Level 5:colcon.colcon_core.verb:set package 'distance_warning' build argument 'cmake_clean_first' from command line to 'False'
[0.231s] Level 5:colcon.colcon_core.verb:set package 'distance_warning' build argument 'cmake_force_configure' from command line to 'False'
[0.231s] Level 5:colcon.colcon_core.verb:set package 'distance_warning' build argument 'ament_cmake_args' from command line to 'None'
[0.231s] Level 5:colcon.colcon_core.verb:set package 'distance_warning' build argument 'catkin_cmake_args' from command line to 'None'
[0.231s] Level 5:colcon.colcon_core.verb:set package 'distance_warning' build argument 'catkin_skip_building_tests' from command line to 'False'
[0.231s] DEBUG:colcon.colcon_core.verb:Building package 'distance_warning' with the following arguments: {'ament_cmake_args': None, 'build_base': '/home/evice2457/ros2_ws/src/distance_warning/build/distance_warning', 'catkin_cmake_args': None, 'catkin_skip_building_tests': False, 'cmake_args': None, 'cmake_clean_cache': False, 'cmake_clean_first': False, 'cmake_force_configure': False, 'cmake_target': None, 'cmake_target_skip_unavailable': False, 'install_base': '/home/evice2457/ros2_ws/src/distance_warning/install/distance_warning', 'merge_install': False, 'path': '/home/evice2457/ros2_ws/src/distance_warning', 'symlink_install': False, 'test_result_base': None}
[0.231s] INFO:colcon.colcon_core.executor:Executing jobs using 'parallel' executor
[0.232s] DEBUG:colcon.colcon_parallel_executor.executor.parallel:run_until_complete
[0.232s] INFO:colcon.colcon_ros.task.ament_cmake.build:Building ROS package in '/home/evice2457/ros2_ws/src/distance_warning' with build type 'ament_cmake'
[0.232s] INFO:colcon.colcon_cmake.task.cmake.build:Building CMake package in '/home/evice2457/ros2_ws/src/distance_warning'
[0.235s] INFO:colcon.colcon_core.plugin_system:Skipping extension 'colcon_core.shell.bat': Not used on non-Windows systems
[0.235s] INFO:colcon.colcon_core.shell:Skip shell extension 'powershell' for command environment: Not usable outside of PowerShell
[0.235s] DEBUG:colcon.colcon_core.shell:Skip shell extension 'dsv' for command environment
[0.242s] DEBUG:colcon.colcon_core.event_handler.log_command:Invoking command in '/home/evice2457/ros2_ws/src/distance_warning/build/distance_warning': CMAKE_PREFIX_PATH=${CMAKE_PREFIX_PATH}:/home/evice2457/ros2_ws/install/launch_testing_examples:/home/evice2457/ros2_ws/install/examples_rclpy_pointcloud_publisher:/home/evice2457/ros2_ws/install/examples_rclpy_minimal_subscriber:/home/evice2457/ros2_ws/install/examples_rclpy_minimal_service:/home/evice2457/ros2_ws/install/examples_rclpy_minimal_publisher:/home/evice2457/ros2_ws/install/examples_rclpy_minimal_client:/home/evice2457/ros2_ws/install/examples_rclpy_minimal_action_server:/home/evice2457/ros2_ws/install/examples_rclpy_minimal_action_client:/home/evice2457/ros2_ws/install/examples_rclpy_guard_conditions:/home/evice2457/ros2_ws/install/examples_rclpy_executors:/opt/ros/humble /usr/bin/cmake --build /home/evice2457/ros2_ws/src/distance_warning/build/distance_warning -- -j4 -l4
[5.893s] DEBUG:colcon.colcon_core.event_handler.log_command:Invoked command in '/home/evice2457/ros2_ws/src/distance_warning/build/distance_warning' returned '0': CMAKE_PREFIX_PATH=${CMAKE_PREFIX_PATH}:/home/evice2457/ros2_ws/install/launch_testing_examples:/home/evice2457/ros2_ws/install/examples_rclpy_pointcloud_publisher:/home/evice2457/ros2_ws/install/examples_rclpy_minimal_subscriber:/home/evice2457/ros2_ws/install/examples_rclpy_minimal_service:/home/evice2457/ros2_ws/install/examples_rclpy_minimal_publisher:/home/evice2457/ros2_ws/install/examples_rclpy_minimal_client:/home/evice2457/ros2_ws/install/examples_rclpy_minimal_action_server:/home/evice2457/ros2_ws/install/examples_rclpy_minimal_action_client:/home/evice2457/ros2_ws/install/examples_rclpy_guard_conditions:/home/evice2457/ros2_ws/install/examples_rclpy_executors:/opt/ros/humble /usr/bin/cmake --build /home/evice2457/ros2_ws/src/distance_warning/build/distance_warning -- -j4 -l4
[5.898s] DEBUG:colcon.colcon_core.event_handler.log_command:Invoking command in '/home/evice2457/ros2_ws/src/distance_warning/build/distance_warning': CMAKE_PREFIX_PATH=${CMAKE_PREFIX_PATH}:/home/evice2457/ros2_ws/install/launch_testing_examples:/home/evice2457/ros2_ws/install/examples_rclpy_pointcloud_publisher:/home/evice2457/ros2_ws/install/examples_rclpy_minimal_subscriber:/home/evice2457/ros2_ws/install/examples_rclpy_minimal_service:/home/evice2457/ros2_ws/install/examples_rclpy_minimal_publisher:/home/evice2457/ros2_ws/install/examples_rclpy_minimal_client:/home/evice2457/ros2_ws/install/examples_rclpy_minimal_action_server:/home/evice2457/ros2_ws/install/examples_rclpy_minimal_action_client:/home/evice2457/ros2_ws/install/examples_rclpy_guard_conditions:/home/evice2457/ros2_ws/install/examples_rclpy_executors:/opt/ros/humble /usr/bin/cmake --install /home/evice2457/ros2_ws/src/distance_warning/build/distance_warning
[5.938s] Level 1:colcon.colcon_core.environment:create_environment_scripts_only(distance_warning)
[5.939s] DEBUG:colcon.colcon_core.event_handler.log_command:Invoked command in '/home/evice2457/ros2_ws/src/distance_warning/build/distance_warning' returned '0': CMAKE_PREFIX_PATH=${CMAKE_PREFIX_PATH}:/home/evice2457/ros2_ws/install/launch_testing_examples:/home/evice2457/ros2_ws/install/examples_rclpy_pointcloud_publisher:/home/evice2457/ros2_ws/install/examples_rclpy_minimal_subscriber:/home/evice2457/ros2_ws/install/examples_rclpy_minimal_service:/home/evice2457/ros2_ws/install/examples_rclpy_minimal_publisher:/home/evice2457/ros2_ws/install/examples_rclpy_minimal_client:/home/evice2457/ros2_ws/install/examples_rclpy_minimal_action_server:/home/evice2457/ros2_ws/install/examples_rclpy_minimal_action_client:/home/evice2457/ros2_ws/install/examples_rclpy_guard_conditions:/home/evice2457/ros2_ws/install/examples_rclpy_executors:/opt/ros/humble /usr/bin/cmake --install /home/evice2457/ros2_ws/src/distance_warning/build/distance_warning
[5.940s] Level 1:colcon.colcon_core.environment:checking '/home/evice2457/ros2_ws/src/distance_warning/install/distance_warning' for CMake module files
[5.940s] Level 1:colcon.colcon_core.environment:checking '/home/evice2457/ros2_ws/src/distance_warning/install/distance_warning' for CMake config files
[5.941s] Level 1:colcon.colcon_core.shell:create_environment_hook('distance_warning', 'cmake_prefix_path')
[5.941s] INFO:colcon.colcon_core.shell:Creating environment hook '/home/evice2457/ros2_ws/src/distance_warning/install/distance_warning/share/distance_warning/hook/cmake_prefix_path.ps1'
[5.942s] INFO:colcon.colcon_core.shell:Creating environment descriptor '/home/evice2457/ros2_ws/src/distance_warning/install/distance_warning/share/distance_warning/hook/cmake_prefix_path.dsv'
[5.942s] INFO:colcon.colcon_core.shell:Creating environment hook '/home/evice2457/ros2_ws/src/distance_warning/install/distance_warning/share/distance_warning/hook/cmake_prefix_path.sh'
[5.942s] Level 1:colcon.colcon_core.environment:checking '/home/evice2457/ros2_ws/src/distance_warning/install/distance_warning/lib'
[5.943s] Level 1:colcon.colcon_core.shell:create_environment_hook('distance_warning', 'ld_library_path_lib')
[5.943s] INFO:colcon.colcon_core.shell:Creating environment hook '/home/evice2457/ros2_ws/src/distance_warning/install/distance_warning/share/distance_warning/hook/ld_library_path_lib.ps1'
[5.943s] INFO:colcon.colcon_core.shell:Creating environment descriptor '/home/evice2457/ros2_ws/src/distance_warning/install/distance_warning/share/distance_warning/hook/ld_library_path_lib.dsv'
[5.943s] INFO:colcon.colcon_core.shell:Creating environment hook '/home/evice2457/ros2_ws/src/distance_warning/install/distance_warning/share/distance_warning/hook/ld_library_path_lib.sh'
[5.943s] Level 1:colcon.colcon_core.environment:checking '/home/evice2457/ros2_ws/src/distance_warning/install/distance_warning/bin'
[5.943s] Level 1:colcon.colcon_core.environment:checking '/home/evice2457/ros2_ws/src/distance_warning/install/distance_warning/lib/pkgconfig/distance_warning.pc'
[5.944s] Level 1:colcon.colcon_core.environment:checking '/home/evice2457/ros2_ws/src/distance_warning/install/distance_warning/lib/python3.10/site-packages'
[5.944s] Level 1:colcon.colcon_core.environment:checking '/home/evice2457/ros2_ws/src/distance_warning/install/distance_warning/bin'
[5.944s] INFO:colcon.colcon_core.shell:Creating package script '/home/evice2457/ros2_ws/src/distance_warning/install/distance_warning/share/distance_warning/package.ps1'
[5.945s] INFO:colcon.colcon_core.shell:Creating package descriptor '/home/evice2457/ros2_ws/src/distance_warning/install/distance_warning/share/distance_warning/package.dsv'
[5.945s] INFO:colcon.colcon_core.shell:Creating package script '/home/evice2457/ros2_ws/src/distance_warning/install/distance_warning/share/distance_warning/package.sh'
[5.945s] INFO:colcon.colcon_core.shell:Creating package script '/home/evice2457/ros2_ws/src/distance_warning/install/distance_warning/share/distance_warning/package.bash'
[5.946s] INFO:colcon.colcon_core.shell:Creating package script '/home/evice2457/ros2_ws/src/distance_warning/install/distance_warning/share/distance_warning/package.zsh'
[5.946s] Level 1:colcon.colcon_core.environment:create_file_with_runtime_dependencies(/home/evice2457/ros2_ws/src/distance_warning/install/distance_warning/share/colcon-core/packages/distance_warning)
[5.947s] Level 1:colcon.colcon_core.environment:create_environment_scripts_only(distance_warning)
[5.947s] Level 1:colcon.colcon_core.environment:checking '/home/evice2457/ros2_ws/src/distance_warning/install/distance_warning' for CMake module files
[5.947s] Level 1:colcon.colcon_core.environment:checking '/home/evice2457/ros2_ws/src/distance_warning/install/distance_warning' for CMake config files
[5.948s] Level 1:colcon.colcon_core.shell:create_environment_hook('distance_warning', 'cmake_prefix_path')
[5.948s] INFO:colcon.colcon_core.shell:Creating environment hook '/home/evice2457/ros2_ws/src/distance_warning/install/distance_warning/share/distance_warning/hook/cmake_prefix_path.ps1'
[5.948s] INFO:colcon.colcon_core.shell:Creating environment descriptor '/home/evice2457/ros2_ws/src/distance_warning/install/distance_warning/share/distance_warning/hook/cmake_prefix_path.dsv'
[5.948s] INFO:colcon.colcon_core.shell:Creating environment hook '/home/evice2457/ros2_ws/src/distance_warning/install/distance_warning/share/distance_warning/hook/cmake_prefix_path.sh'
[5.948s] Level 1:colcon.colcon_core.environment:checking '/home/evice2457/ros2_ws/src/distance_warning/install/distance_warning/lib'
[5.948s] Level 1:colcon.colcon_core.shell:create_environment_hook('distance_warning', 'ld_library_path_lib')
[5.948s] INFO:colcon.colcon_core.shell:Creating environment hook '/home/evice2457/ros2_ws/src/distance_warning/install/distance_warning/share/distance_warning/hook/ld_library_path_lib.ps1'
[5.949s] INFO:colcon.colcon_core.shell:Creating environment descriptor '/home/evice2457/ros2_ws/src/distance_warning/install/distance_warning/share/distance_warning/hook/ld_library_path_lib.dsv'
[5.949s] INFO:colcon.colcon_core.shell:Creating environment hook '/home/evice2457/ros2_ws/src/distance_warning/install/distance_warning/share/distance_warning/hook/ld_library_path_lib.sh'
[5.949s] Level 1:colcon.colcon_core.environment:checking '/home/evice2457/ros2_ws/src/distance_warning/install/distance_warning/bin'
[5.949s] Level 1:colcon.colcon_core.environment:checking '/home/evice2457/ros2_ws/src/distance_warning/install/distance_warning/lib/pkgconfig/distance_warning.pc'
[5.949s] Level 1:colcon.colcon_core.environment:checking '/home/evice2457/ros2_ws/src/distance_warning/install/distance_warning/lib/python3.10/site-packages'
[5.949s] Level 1:colcon.colcon_core.environment:checking '/home/evice2457/ros2_ws/src/distance_warning/install/distance_warning/bin'
[5.949s] INFO:colcon.colcon_core.shell:Creating package script '/home/evice2457/ros2_ws/src/distance_warning/install/distance_warning/share/distance_warning/package.ps1'
[5.950s] INFO:colcon.colcon_core.shell:Creating package descriptor '/home/evice2457/ros2_ws/src/distance_warning/install/distance_warning/share/distance_warning/package.dsv'
[5.950s] INFO:colcon.colcon_core.shell:Creating package script '/home/evice2457/ros2_ws/src/distance_warning/install/distance_warning/share/distance_warning/package.sh'
[5.950s] INFO:colcon.colcon_core.shell:Creating package script '/home/evice2457/ros2_ws/src/distance_warning/install/distance_warning/share/distance_warning/package.bash'
[5.950s] INFO:colcon.colcon_core.shell:Creating package script '/home/evice2457/ros2_ws/src/distance_warning/install/distance_warning/share/distance_warning/package.zsh'
[5.951s] Level 1:colcon.colcon_core.environment:create_file_with_runtime_dependencies(/home/evice2457/ros2_ws/src/distance_warning/install/distance_warning/share/colcon-core/packages/distance_warning)
[5.951s] DEBUG:colcon.colcon_parallel_executor.executor.parallel:closing loop
[5.951s] DEBUG:colcon.colcon_parallel_executor.executor.parallel:loop closed
[5.951s] DEBUG:colcon.colcon_parallel_executor.executor.parallel:run_until_complete finished with '0'
[5.951s] DEBUG:colcon.colcon_core.event_reactor:joining thread
[5.952s] DEBUG:colcon.colcon_core.event_reactor:joined thread
[5.952s] INFO:colcon.colcon_core.shell:Creating prefix script '/home/evice2457/ros2_ws/src/distance_warning/install/local_setup.ps1'
[5.952s] INFO:colcon.colcon_core.shell:Creating prefix util module '/home/evice2457/ros2_ws/src/distance_warning/install/_local_setup_util_ps1.py'
[5.953s] INFO:colcon.colcon_core.shell:Creating prefix chain script '/home/evice2457/ros2_ws/src/distance_warning/install/setup.ps1'
[5.954s] INFO:colcon.colcon_core.shell:Creating prefix script '/home/evice2457/ros2_ws/src/distance_warning/install/local_setup.sh'
[5.954s] INFO:colcon.colcon_core.shell:Creating prefix util module '/home/evice2457/ros2_ws/src/distance_warning/install/_local_setup_util_sh.py'
[5.954s] INFO:colcon.colcon_core.shell:Creating prefix chain script '/home/evice2457/ros2_ws/src/distance_warning/install/setup.sh'
[5.955s] INFO:colcon.colcon_core.shell:Creating prefix script '/home/evice2457/ros2_ws/src/distance_warning/install/local_setup.bash'
[5.956s] INFO:colcon.colcon_core.shell:Creating prefix chain script '/home/evice2457/ros2_ws/src/distance_warning/install/setup.bash'
[5.956s] INFO:colcon.colcon_core.shell:Creating prefix script '/home/evice2457/ros2_ws/src/distance_warning/install/local_setup.zsh'
[5.957s] INFO:colcon.colcon_core.shell:Creating prefix chain script '/home/evice2457/ros2_ws/src/distance_warning/install/setup.zsh'
