[0.005s] Invoking command in '/home/evice2457/ros2_ws/src/distance_warning/build/distance_warning': CMAKE_PREFIX_PATH=${CMAKE_PREFIX_PATH}:/home/evice2457/ros2_ws/install/launch_testing_examples:/home/evice2457/ros2_ws/install/examples_rclpy_pointcloud_publisher:/home/evice2457/ros2_ws/install/examples_rclpy_minimal_subscriber:/home/evice2457/ros2_ws/install/examples_rclpy_minimal_service:/home/evice2457/ros2_ws/install/examples_rclpy_minimal_publisher:/home/evice2457/ros2_ws/install/examples_rclpy_minimal_client:/home/evice2457/ros2_ws/install/examples_rclpy_minimal_action_server:/home/evice2457/ros2_ws/install/examples_rclpy_minimal_action_client:/home/evice2457/ros2_ws/install/examples_rclpy_guard_conditions:/home/evice2457/ros2_ws/install/examples_rclpy_executors:/opt/ros/humble /usr/bin/cmake /home/evice2457/ros2_ws/src/distance_warning -DCMAKE_INSTALL_PREFIX=/home/evice2457/ros2_ws/src/distance_warning/install/distance_warning
[0.013s] -- Found ament_cmake: 1.3.14 (/opt/ros/humble/share/ament_cmake/cmake)
[0.090s] -- Found rclcpp: 16.0.19 (/opt/ros/humble/share/rclcpp/cmake)
[0.104s] -- Found rosidl_generator_c: 3.1.8 (/opt/ros/humble/share/rosidl_generator_c/cmake)
[0.105s] -- Found rosidl_adapter: 3.1.8 (/opt/ros/humble/share/rosidl_adapter/cmake)
[0.108s] -- Found rosidl_generator_cpp: 3.1.8 (/opt/ros/humble/share/rosidl_generator_cpp/cmake)
[0.113s] -- Using all available rosidl_typesupport_c: rosidl_typesupport_fastrtps_c;rosidl_typesupport_introspection_c
[0.120s] -- Using all available rosidl_typesupport_cpp: rosidl_typesupport_fastrtps_cpp;rosidl_typesupport_introspection_cpp
[0.137s] -- Found rmw_implementation_cmake: 6.1.2 (/opt/ros/humble/share/rmw_implementation_cmake/cmake)
[0.140s] -- Found rmw_fastrtps_cpp: 6.2.10 (/opt/ros/humble/share/rmw_fastrtps_cpp/cmake)
[0.208s] -- Using RMW implementation 'rmw_fastrtps_cpp' as default
[0.236s] -- Found rclcpp_action: 16.0.19 (/opt/ros/humble/share/rclcpp_action/cmake)
[0.253s] -- Found rosidl_default_generators: 1.2.1 (/opt/ros/humble/share/rosidl_default_generators/cmake)
[0.259s] -- Found tf2: 0.25.20 (/opt/ros/humble/share/tf2/cmake)
[0.268s] -- Found tf2_ros: 0.25.20 (/opt/ros/humble/share/tf2_ros/cmake)
[0.296s] -- Found tf2_geometry_msgs: 0.25.20 (/opt/ros/humble/share/tf2_geometry_msgs/cmake)
[0.297s] -- Found eigen3_cmake_module: 0.1.1 (/opt/ros/humble/share/eigen3_cmake_module/cmake)
[0.298s] -- Ensuring Eigen3 include directory is part of orocos-kdl CMake target
[0.512s] -- Found ament_cmake_ros: 0.10.0 (/opt/ros/humble/share/ament_cmake_ros/cmake)
[0.711s] -- Using all available rosidl_typesupport_c: rosidl_typesupport_fastrtps_c;rosidl_typesupport_introspection_c
[0.789s] -- Using all available rosidl_typesupport_cpp: rosidl_typesupport_fastrtps_cpp;rosidl_typesupport_introspection_cpp
[0.802s] -- Found python_cmake_module: 0.10.0 (/opt/ros/humble/share/python_cmake_module/cmake)
[0.816s] -- Using PYTHON_EXECUTABLE: /usr/bin/python3
[0.816s] -- Using PYTHON_INCLUDE_DIRS: /usr/include/python3.10
[0.816s] -- Using PYTHON_LIBRARIES: /usr/lib/aarch64-linux-gnu/libpython3.10.so
[0.875s] [0mCMake Deprecation Warning at /opt/ros/humble/share/rosidl_cmake/cmake/rosidl_target_interfaces.cmake:32 (message):
[0.875s]   Use rosidl_get_typesupport_target() and target_link_libraries() instead of
[0.875s]   rosidl_target_interfaces()
[0.875s] Call Stack (most recent call first):
[0.875s]   CMakeLists.txt:33 (rosidl_target_interfaces)
[0.875s] 
[0.875s] [0m
[0.877s] [0mCMake Deprecation Warning at /opt/ros/humble/share/rosidl_cmake/cmake/rosidl_target_interfaces.cmake:32 (message):
[0.877s]   Use rosidl_get_typesupport_target() and target_link_libraries() instead of
[0.877s]   rosidl_target_interfaces()
[0.877s] Call Stack (most recent call first):
[0.877s]   CMakeLists.txt:38 (rosidl_target_interfaces)
[0.877s] 
[0.877s] [0m
[0.878s] [0mCMake Deprecation Warning at /opt/ros/humble/share/rosidl_cmake/cmake/rosidl_target_interfaces.cmake:32 (message):
[0.878s]   Use rosidl_get_typesupport_target() and target_link_libraries() instead of
[0.878s]   rosidl_target_interfaces()
[0.878s] Call Stack (most recent call first):
[0.878s]   CMakeLists.txt:43 (rosidl_target_interfaces)
[0.878s] 
[0.878s] [0m
[0.880s] [31mCMake Error at /opt/ros/humble/share/ament_cmake_target_dependencies/cmake/ament_target_dependencies.cmake:42 (message):
[0.880s]   ament_target_dependencies() the first argument must be a valid target name
[0.880s] Call Stack (most recent call first):
[0.880s]   CMakeLists.txt:51 (ament_target_dependencies)
[0.880s] 
[0.880s] [0m
[0.880s] -- Configuring incomplete, errors occurred!
[0.880s] See also "/home/evice2457/ros2_ws/src/distance_warning/build/distance_warning/CMakeFiles/CMakeOutput.log".
[0.886s] Invoked command in '/home/evice2457/ros2_ws/src/distance_warning/build/distance_warning' returned '1': CMAKE_PREFIX_PATH=${CMAKE_PREFIX_PATH}:/home/evice2457/ros2_ws/install/launch_testing_examples:/home/evice2457/ros2_ws/install/examples_rclpy_pointcloud_publisher:/home/evice2457/ros2_ws/install/examples_rclpy_minimal_subscriber:/home/evice2457/ros2_ws/install/examples_rclpy_minimal_service:/home/evice2457/ros2_ws/install/examples_rclpy_minimal_publisher:/home/evice2457/ros2_ws/install/examples_rclpy_minimal_client:/home/evice2457/ros2_ws/install/examples_rclpy_minimal_action_server:/home/evice2457/ros2_ws/install/examples_rclpy_minimal_action_client:/home/evice2457/ros2_ws/install/examples_rclpy_guard_conditions:/home/evice2457/ros2_ws/install/examples_rclpy_executors:/opt/ros/humble /usr/bin/cmake /home/evice2457/ros2_ws/src/distance_warning -DCMAKE_INSTALL_PREFIX=/home/evice2457/ros2_ws/src/distance_warning/install/distance_warning
