[0.006s] Invoking command in '/home/evice2457/ros2_ws/src/distance_warning/build/distance_warning': CMAKE_PREFIX_PATH=${CMAKE_PREFIX_PATH}:/home/evice2457/ros2_ws/install/launch_testing_examples:/home/evice2457/ros2_ws/install/examples_rclpy_pointcloud_publisher:/home/evice2457/ros2_ws/install/examples_rclpy_minimal_subscriber:/home/evice2457/ros2_ws/install/examples_rclpy_minimal_service:/home/evice2457/ros2_ws/install/examples_rclpy_minimal_publisher:/home/evice2457/ros2_ws/install/examples_rclpy_minimal_client:/home/evice2457/ros2_ws/install/examples_rclpy_minimal_action_server:/home/evice2457/ros2_ws/install/examples_rclpy_minimal_action_client:/home/evice2457/ros2_ws/install/examples_rclpy_guard_conditions:/home/evice2457/ros2_ws/install/examples_rclpy_executors:/opt/ros/humble /usr/bin/cmake --build /home/evice2457/ros2_ws/src/distance_warning/build/distance_warning -- -j4 -l4
[0.032s] [  1%] Built target distance_warning__rs
[0.032s] [  3%] Built target distance_warning__cpp
[0.032s] [ 10%] Built target distance_warning__rosidl_generator_c
[0.036s] [ 10%] Built target ament_cmake_python_copy_distance_warning
[0.042s] [35m[1mConsolidate compiler generated dependencies of target distance_publisher_qos[0m
[0.044s] [ 13%] Built target distance_publisher
[0.044s] [ 17%] Built target distance_tf_broadcaster
[0.048s] [ 20%] Built target distance_listener
[0.049s] [35m[1mConsolidate compiler generated dependencies of target distance_listener_qos[0m
[0.053s] [ 24%] Built target distance_publisher_qos
[0.055s] [ 31%] Built target distance_warning__rosidl_typesupport_fastrtps_c
[0.060s] [ 34%] Built target distance_listener_qos
[0.060s] [ 41%] Built target distance_warning__rosidl_typesupport_fastrtps_cpp
[0.063s] [ 48%] Built target distance_warning__rosidl_typesupport_introspection_c
[0.065s] [ 55%] Built target distance_warning__rosidl_typesupport_c
[0.070s] [ 65%] Built target distance_warning__rosidl_typesupport_introspection_cpp
[0.070s] [ 68%] Built target distance_warning__rosidl_typesupport_cpp
[0.078s] [ 68%] Built target distance_warning
[0.087s] [ 70%] Built target distance_warning__py
[0.089s] [ 74%] Built target set_threshold_service
[0.092s] [ 77%] Built target distance_action_server
[0.095s] [35m[1mConsolidate compiler generated dependencies of target distance_tf_listener[0m
[0.099s] [ 81%] Built target distance_action_client
[0.105s] [ 84%] Built target distance_tf_listener
[0.105s] [ 89%] Built target distance_warning__rosidl_generator_py
[0.118s] [ 93%] Built target distance_warning__rosidl_typesupport_c__pyext
[0.118s] [ 96%] Built target distance_warning__rosidl_typesupport_fastrtps_c__pyext
[0.119s] [100%] Built target distance_warning__rosidl_typesupport_introspection_c__pyext
[0.185s] running egg_info
[0.186s] writing distance_warning.egg-info/PKG-INFO
[0.186s] writing dependency_links to distance_warning.egg-info/dependency_links.txt
[0.186s] writing top-level names to distance_warning.egg-info/top_level.txt
[0.187s] reading manifest file 'distance_warning.egg-info/SOURCES.txt'
[0.188s] writing manifest file 'distance_warning.egg-info/SOURCES.txt'
[0.202s] [100%] Built target ament_cmake_python_build_distance_warning_egg
[0.207s] Invoked command in '/home/evice2457/ros2_ws/src/distance_warning/build/distance_warning' returned '0': CMAKE_PREFIX_PATH=${CMAKE_PREFIX_PATH}:/home/evice2457/ros2_ws/install/launch_testing_examples:/home/evice2457/ros2_ws/install/examples_rclpy_pointcloud_publisher:/home/evice2457/ros2_ws/install/examples_rclpy_minimal_subscriber:/home/evice2457/ros2_ws/install/examples_rclpy_minimal_service:/home/evice2457/ros2_ws/install/examples_rclpy_minimal_publisher:/home/evice2457/ros2_ws/install/examples_rclpy_minimal_client:/home/evice2457/ros2_ws/install/examples_rclpy_minimal_action_server:/home/evice2457/ros2_ws/install/examples_rclpy_minimal_action_client:/home/evice2457/ros2_ws/install/examples_rclpy_guard_conditions:/home/evice2457/ros2_ws/install/examples_rclpy_executors:/opt/ros/humble /usr/bin/cmake --build /home/evice2457/ros2_ws/src/distance_warning/build/distance_warning -- -j4 -l4
[0.212s] Invoking command in '/home/evice2457/ros2_ws/src/distance_warning/build/distance_warning': CMAKE_PREFIX_PATH=${CMAKE_PREFIX_PATH}:/home/evice2457/ros2_ws/install/launch_testing_examples:/home/evice2457/ros2_ws/install/examples_rclpy_pointcloud_publisher:/home/evice2457/ros2_ws/install/examples_rclpy_minimal_subscriber:/home/evice2457/ros2_ws/install/examples_rclpy_minimal_service:/home/evice2457/ros2_ws/install/examples_rclpy_minimal_publisher:/home/evice2457/ros2_ws/install/examples_rclpy_minimal_client:/home/evice2457/ros2_ws/install/examples_rclpy_minimal_action_server:/home/evice2457/ros2_ws/install/examples_rclpy_minimal_action_client:/home/evice2457/ros2_ws/install/examples_rclpy_guard_conditions:/home/evice2457/ros2_ws/install/examples_rclpy_executors:/opt/ros/humble /usr/bin/cmake --install /home/evice2457/ros2_ws/src/distance_warning/build/distance_warning
[0.215s] -- Install configuration: ""
[0.215s] -- Up-to-date: /home/evice2457/ros2_ws/src/distance_warning/install/distance_warning/share/ament_index/resource_index/rosidl_interfaces/distance_warning
[0.215s] -- Up-to-date: /home/evice2457/ros2_ws/src/distance_warning/install/distance_warning/include/distance_warning/distance_warning
[0.215s] -- Up-to-date: /home/evice2457/ros2_ws/src/distance_warning/install/distance_warning/include/distance_warning/distance_warning/srv
[0.215s] -- Up-to-date: /home/evice2457/ros2_ws/src/distance_warning/install/distance_warning/include/distance_warning/distance_warning/srv/detail
[0.215s] -- Up-to-date: /home/evice2457/ros2_ws/src/distance_warning/install/distance_warning/include/distance_warning/distance_warning/srv/detail/set_threshold__functions.h
[0.215s] -- Up-to-date: /home/evice2457/ros2_ws/src/distance_warning/install/distance_warning/include/distance_warning/distance_warning/srv/detail/set_threshold__type_support.h
[0.216s] -- Up-to-date: /home/evice2457/ros2_ws/src/distance_warning/install/distance_warning/include/distance_warning/distance_warning/srv/detail/set_threshold__struct.h
[0.216s] -- Up-to-date: /home/evice2457/ros2_ws/src/distance_warning/install/distance_warning/include/distance_warning/distance_warning/srv/detail/set_threshold__functions.c
[0.216s] -- Up-to-date: /home/evice2457/ros2_ws/src/distance_warning/install/distance_warning/include/distance_warning/distance_warning/srv/set_threshold.h
[0.216s] -- Up-to-date: /home/evice2457/ros2_ws/src/distance_warning/install/distance_warning/include/distance_warning/distance_warning/msg
[0.216s] -- Up-to-date: /home/evice2457/ros2_ws/src/distance_warning/install/distance_warning/include/distance_warning/distance_warning/msg/rosidl_generator_c__visibility_control.h
[0.216s] -- Up-to-date: /home/evice2457/ros2_ws/src/distance_warning/install/distance_warning/include/distance_warning/distance_warning/action
[0.216s] -- Up-to-date: /home/evice2457/ros2_ws/src/distance_warning/install/distance_warning/include/distance_warning/distance_warning/action/detail
[0.216s] -- Up-to-date: /home/evice2457/ros2_ws/src/distance_warning/install/distance_warning/include/distance_warning/distance_warning/action/detail/check_distance__type_support.h
[0.216s] -- Up-to-date: /home/evice2457/ros2_ws/src/distance_warning/install/distance_warning/include/distance_warning/distance_warning/action/detail/check_distance__functions.h
[0.216s] -- Up-to-date: /home/evice2457/ros2_ws/src/distance_warning/install/distance_warning/include/distance_warning/distance_warning/action/detail/check_distance__struct.h
[0.216s] -- Up-to-date: /home/evice2457/ros2_ws/src/distance_warning/install/distance_warning/include/distance_warning/distance_warning/action/detail/check_distance__functions.c
[0.216s] -- Up-to-date: /home/evice2457/ros2_ws/src/distance_warning/install/distance_warning/include/distance_warning/distance_warning/action/check_distance.h
[0.216s] -- Up-to-date: /home/evice2457/ros2_ws/src/distance_warning/install/distance_warning/share/distance_warning/environment/library_path.sh
[0.216s] -- Up-to-date: /home/evice2457/ros2_ws/src/distance_warning/install/distance_warning/share/distance_warning/environment/library_path.dsv
[0.216s] -- Up-to-date: /home/evice2457/ros2_ws/src/distance_warning/install/distance_warning/lib/libdistance_warning__rosidl_generator_c.so
[0.216s] -- Up-to-date: /home/evice2457/ros2_ws/src/distance_warning/install/distance_warning/include/distance_warning/distance_warning
[0.216s] -- Up-to-date: /home/evice2457/ros2_ws/src/distance_warning/install/distance_warning/include/distance_warning/distance_warning/srv
[0.217s] -- Up-to-date: /home/evice2457/ros2_ws/src/distance_warning/install/distance_warning/include/distance_warning/distance_warning/srv/detail
[0.217s] -- Up-to-date: /home/evice2457/ros2_ws/src/distance_warning/install/distance_warning/include/distance_warning/distance_warning/srv/detail/set_threshold__rosidl_typesupport_fastrtps_c.h
[0.217s] -- Up-to-date: /home/evice2457/ros2_ws/src/distance_warning/install/distance_warning/include/distance_warning/distance_warning/msg
[0.217s] -- Up-to-date: /home/evice2457/ros2_ws/src/distance_warning/install/distance_warning/include/distance_warning/distance_warning/msg/rosidl_typesupport_fastrtps_c__visibility_control.h
[0.217s] -- Up-to-date: /home/evice2457/ros2_ws/src/distance_warning/install/distance_warning/include/distance_warning/distance_warning/action
[0.217s] -- Up-to-date: /home/evice2457/ros2_ws/src/distance_warning/install/distance_warning/include/distance_warning/distance_warning/action/detail
[0.217s] -- Up-to-date: /home/evice2457/ros2_ws/src/distance_warning/install/distance_warning/include/distance_warning/distance_warning/action/detail/check_distance__rosidl_typesupport_fastrtps_c.h
[0.217s] -- Up-to-date: /home/evice2457/ros2_ws/src/distance_warning/install/distance_warning/lib/libdistance_warning__rosidl_typesupport_fastrtps_c.so
[0.217s] -- Up-to-date: /home/evice2457/ros2_ws/src/distance_warning/install/distance_warning/include/distance_warning/distance_warning
[0.217s] -- Up-to-date: /home/evice2457/ros2_ws/src/distance_warning/install/distance_warning/include/distance_warning/distance_warning/srv
[0.217s] -- Up-to-date: /home/evice2457/ros2_ws/src/distance_warning/install/distance_warning/include/distance_warning/distance_warning/srv/detail
[0.217s] -- Up-to-date: /home/evice2457/ros2_ws/src/distance_warning/install/distance_warning/include/distance_warning/distance_warning/srv/detail/set_threshold__builder.hpp
[0.217s] -- Up-to-date: /home/evice2457/ros2_ws/src/distance_warning/install/distance_warning/include/distance_warning/distance_warning/srv/detail/set_threshold__type_support.hpp
[0.217s] -- Up-to-date: /home/evice2457/ros2_ws/src/distance_warning/install/distance_warning/include/distance_warning/distance_warning/srv/detail/set_threshold__struct.hpp
[0.217s] -- Up-to-date: /home/evice2457/ros2_ws/src/distance_warning/install/distance_warning/include/distance_warning/distance_warning/srv/detail/set_threshold__traits.hpp
[0.217s] -- Up-to-date: /home/evice2457/ros2_ws/src/distance_warning/install/distance_warning/include/distance_warning/distance_warning/srv/set_threshold.hpp
[0.217s] -- Up-to-date: /home/evice2457/ros2_ws/src/distance_warning/install/distance_warning/include/distance_warning/distance_warning/msg
[0.217s] -- Up-to-date: /home/evice2457/ros2_ws/src/distance_warning/install/distance_warning/include/distance_warning/distance_warning/msg/rosidl_generator_cpp__visibility_control.hpp
[0.218s] -- Up-to-date: /home/evice2457/ros2_ws/src/distance_warning/install/distance_warning/include/distance_warning/distance_warning/action
[0.218s] -- Up-to-date: /home/evice2457/ros2_ws/src/distance_warning/install/distance_warning/include/distance_warning/distance_warning/action/detail
[0.218s] -- Up-to-date: /home/evice2457/ros2_ws/src/distance_warning/install/distance_warning/include/distance_warning/distance_warning/action/detail/check_distance__builder.hpp
[0.218s] -- Up-to-date: /home/evice2457/ros2_ws/src/distance_warning/install/distance_warning/include/distance_warning/distance_warning/action/detail/check_distance__traits.hpp
[0.218s] -- Up-to-date: /home/evice2457/ros2_ws/src/distance_warning/install/distance_warning/include/distance_warning/distance_warning/action/detail/check_distance__struct.hpp
[0.218s] -- Up-to-date: /home/evice2457/ros2_ws/src/distance_warning/install/distance_warning/include/distance_warning/distance_warning/action/detail/check_distance__type_support.hpp
[0.218s] -- Up-to-date: /home/evice2457/ros2_ws/src/distance_warning/install/distance_warning/include/distance_warning/distance_warning/action/check_distance.hpp
[0.218s] -- Up-to-date: /home/evice2457/ros2_ws/src/distance_warning/install/distance_warning/include/distance_warning/distance_warning
[0.218s] -- Up-to-date: /home/evice2457/ros2_ws/src/distance_warning/install/distance_warning/include/distance_warning/distance_warning/srv
[0.218s] -- Up-to-date: /home/evice2457/ros2_ws/src/distance_warning/install/distance_warning/include/distance_warning/distance_warning/srv/detail
[0.218s] -- Up-to-date: /home/evice2457/ros2_ws/src/distance_warning/install/distance_warning/include/distance_warning/distance_warning/srv/detail/set_threshold__rosidl_typesupport_fastrtps_cpp.hpp
[0.218s] -- Up-to-date: /home/evice2457/ros2_ws/src/distance_warning/install/distance_warning/include/distance_warning/distance_warning/srv/detail/dds_fastrtps
[0.218s] -- Up-to-date: /home/evice2457/ros2_ws/src/distance_warning/install/distance_warning/include/distance_warning/distance_warning/msg
[0.218s] -- Up-to-date: /home/evice2457/ros2_ws/src/distance_warning/install/distance_warning/include/distance_warning/distance_warning/msg/rosidl_typesupport_fastrtps_cpp__visibility_control.h
[0.218s] -- Up-to-date: /home/evice2457/ros2_ws/src/distance_warning/install/distance_warning/include/distance_warning/distance_warning/action
[0.218s] -- Up-to-date: /home/evice2457/ros2_ws/src/distance_warning/install/distance_warning/include/distance_warning/distance_warning/action/detail
[0.218s] -- Up-to-date: /home/evice2457/ros2_ws/src/distance_warning/install/distance_warning/include/distance_warning/distance_warning/action/detail/check_distance__rosidl_typesupport_fastrtps_cpp.hpp
[0.218s] -- Up-to-date: /home/evice2457/ros2_ws/src/distance_warning/install/distance_warning/include/distance_warning/distance_warning/action/detail/dds_fastrtps
[0.219s] -- Up-to-date: /home/evice2457/ros2_ws/src/distance_warning/install/distance_warning/lib/libdistance_warning__rosidl_typesupport_fastrtps_cpp.so
[0.219s] -- Up-to-date: /home/evice2457/ros2_ws/src/distance_warning/install/distance_warning/include/distance_warning/distance_warning
[0.219s] -- Up-to-date: /home/evice2457/ros2_ws/src/distance_warning/install/distance_warning/include/distance_warning/distance_warning/srv
[0.219s] -- Up-to-date: /home/evice2457/ros2_ws/src/distance_warning/install/distance_warning/include/distance_warning/distance_warning/srv/detail
[0.219s] -- Up-to-date: /home/evice2457/ros2_ws/src/distance_warning/install/distance_warning/include/distance_warning/distance_warning/srv/detail/set_threshold__rosidl_typesupport_introspection_c.h
[0.219s] -- Up-to-date: /home/evice2457/ros2_ws/src/distance_warning/install/distance_warning/include/distance_warning/distance_warning/srv/detail/set_threshold__type_support.c
[0.219s] -- Up-to-date: /home/evice2457/ros2_ws/src/distance_warning/install/distance_warning/include/distance_warning/distance_warning/msg
[0.219s] -- Up-to-date: /home/evice2457/ros2_ws/src/distance_warning/install/distance_warning/include/distance_warning/distance_warning/msg/rosidl_typesupport_introspection_c__visibility_control.h
[0.219s] -- Up-to-date: /home/evice2457/ros2_ws/src/distance_warning/install/distance_warning/include/distance_warning/distance_warning/action
[0.219s] -- Up-to-date: /home/evice2457/ros2_ws/src/distance_warning/install/distance_warning/include/distance_warning/distance_warning/action/detail
[0.219s] -- Up-to-date: /home/evice2457/ros2_ws/src/distance_warning/install/distance_warning/include/distance_warning/distance_warning/action/detail/check_distance__rosidl_typesupport_introspection_c.h
[0.219s] -- Up-to-date: /home/evice2457/ros2_ws/src/distance_warning/install/distance_warning/include/distance_warning/distance_warning/action/detail/check_distance__type_support.c
[0.219s] -- Up-to-date: /home/evice2457/ros2_ws/src/distance_warning/install/distance_warning/lib/libdistance_warning__rosidl_typesupport_introspection_c.so
[0.219s] -- Up-to-date: /home/evice2457/ros2_ws/src/distance_warning/install/distance_warning/lib/libdistance_warning__rosidl_typesupport_c.so
[0.219s] -- Up-to-date: /home/evice2457/ros2_ws/src/distance_warning/install/distance_warning/include/distance_warning/distance_warning
[0.219s] -- Up-to-date: /home/evice2457/ros2_ws/src/distance_warning/install/distance_warning/include/distance_warning/distance_warning/srv
[0.219s] -- Up-to-date: /home/evice2457/ros2_ws/src/distance_warning/install/distance_warning/include/distance_warning/distance_warning/srv/detail
[0.219s] -- Up-to-date: /home/evice2457/ros2_ws/src/distance_warning/install/distance_warning/include/distance_warning/distance_warning/srv/detail/set_threshold__type_support.cpp
[0.219s] -- Up-to-date: /home/evice2457/ros2_ws/src/distance_warning/install/distance_warning/include/distance_warning/distance_warning/srv/detail/set_threshold__rosidl_typesupport_introspection_cpp.hpp
[0.219s] -- Up-to-date: /home/evice2457/ros2_ws/src/distance_warning/install/distance_warning/include/distance_warning/distance_warning/action
[0.219s] -- Up-to-date: /home/evice2457/ros2_ws/src/distance_warning/install/distance_warning/include/distance_warning/distance_warning/action/detail
[0.219s] -- Up-to-date: /home/evice2457/ros2_ws/src/distance_warning/install/distance_warning/include/distance_warning/distance_warning/action/detail/check_distance__type_support.cpp
[0.219s] -- Up-to-date: /home/evice2457/ros2_ws/src/distance_warning/install/distance_warning/include/distance_warning/distance_warning/action/detail/check_distance__rosidl_typesupport_introspection_cpp.hpp
[0.219s] -- Up-to-date: /home/evice2457/ros2_ws/src/distance_warning/install/distance_warning/lib/libdistance_warning__rosidl_typesupport_introspection_cpp.so
[0.219s] -- Up-to-date: /home/evice2457/ros2_ws/src/distance_warning/install/distance_warning/lib/libdistance_warning__rosidl_typesupport_cpp.so
[0.219s] -- Up-to-date: /home/evice2457/ros2_ws/src/distance_warning/install/distance_warning/share/distance_warning/environment/pythonpath.sh
[0.219s] -- Up-to-date: /home/evice2457/ros2_ws/src/distance_warning/install/distance_warning/share/distance_warning/environment/pythonpath.dsv
[0.219s] -- Up-to-date: /home/evice2457/ros2_ws/src/distance_warning/install/distance_warning/local/lib/python3.10/dist-packages/distance_warning-0.0.0-py3.10.egg-info
[0.219s] -- Installing: /home/evice2457/ros2_ws/src/distance_warning/install/distance_warning/local/lib/python3.10/dist-packages/distance_warning-0.0.0-py3.10.egg-info/PKG-INFO
[0.219s] -- Installing: /home/evice2457/ros2_ws/src/distance_warning/install/distance_warning/local/lib/python3.10/dist-packages/distance_warning-0.0.0-py3.10.egg-info/SOURCES.txt
[0.219s] -- Installing: /home/evice2457/ros2_ws/src/distance_warning/install/distance_warning/local/lib/python3.10/dist-packages/distance_warning-0.0.0-py3.10.egg-info/top_level.txt
[0.219s] -- Installing: /home/evice2457/ros2_ws/src/distance_warning/install/distance_warning/local/lib/python3.10/dist-packages/distance_warning-0.0.0-py3.10.egg-info/dependency_links.txt
[0.219s] -- Up-to-date: /home/evice2457/ros2_ws/src/distance_warning/install/distance_warning/local/lib/python3.10/dist-packages/distance_warning
[0.220s] -- Up-to-date: /home/evice2457/ros2_ws/src/distance_warning/install/distance_warning/local/lib/python3.10/dist-packages/distance_warning/_distance_warning_s.ep.rosidl_typesupport_introspection_c.c
[0.220s] -- Up-to-date: /home/evice2457/ros2_ws/src/distance_warning/install/distance_warning/local/lib/python3.10/dist-packages/distance_warning/_distance_warning_s.ep.rosidl_typesupport_fastrtps_c.c
[0.220s] -- Up-to-date: /home/evice2457/ros2_ws/src/distance_warning/install/distance_warning/local/lib/python3.10/dist-packages/distance_warning/distance_warning_s__rosidl_typesupport_introspection_c.cpython-310-aarch64-linux-gnu.so
[0.220s] -- Up-to-date: /home/evice2457/ros2_ws/src/distance_warning/install/distance_warning/local/lib/python3.10/dist-packages/distance_warning/libdistance_warning__rosidl_generator_py.so
[0.220s] -- Up-to-date: /home/evice2457/ros2_ws/src/distance_warning/install/distance_warning/local/lib/python3.10/dist-packages/distance_warning/srv
[0.220s] -- Up-to-date: /home/evice2457/ros2_ws/src/distance_warning/install/distance_warning/local/lib/python3.10/dist-packages/distance_warning/srv/__init__.py
[0.220s] -- Up-to-date: /home/evice2457/ros2_ws/src/distance_warning/install/distance_warning/local/lib/python3.10/dist-packages/distance_warning/srv/_set_threshold_s.c
[0.220s] -- Up-to-date: /home/evice2457/ros2_ws/src/distance_warning/install/distance_warning/local/lib/python3.10/dist-packages/distance_warning/srv/_set_threshold.py
[0.220s] -- Up-to-date: /home/evice2457/ros2_ws/src/distance_warning/install/distance_warning/local/lib/python3.10/dist-packages/distance_warning/_distance_warning_s.ep.rosidl_typesupport_c.c
[0.220s] -- Up-to-date: /home/evice2457/ros2_ws/src/distance_warning/install/distance_warning/local/lib/python3.10/dist-packages/distance_warning/__init__.py
[0.220s] -- Up-to-date: /home/evice2457/ros2_ws/src/distance_warning/install/distance_warning/local/lib/python3.10/dist-packages/distance_warning/distance_warning_s__rosidl_typesupport_fastrtps_c.cpython-310-aarch64-linux-gnu.so
[0.220s] -- Up-to-date: /home/evice2457/ros2_ws/src/distance_warning/install/distance_warning/local/lib/python3.10/dist-packages/distance_warning/distance_warning_s__rosidl_typesupport_c.cpython-310-aarch64-linux-gnu.so
[0.220s] -- Up-to-date: /home/evice2457/ros2_ws/src/distance_warning/install/distance_warning/local/lib/python3.10/dist-packages/distance_warning/action
[0.220s] -- Up-to-date: /home/evice2457/ros2_ws/src/distance_warning/install/distance_warning/local/lib/python3.10/dist-packages/distance_warning/action/_check_distance.py
[0.220s] -- Up-to-date: /home/evice2457/ros2_ws/src/distance_warning/install/distance_warning/local/lib/python3.10/dist-packages/distance_warning/action/__init__.py
[0.220s] -- Up-to-date: /home/evice2457/ros2_ws/src/distance_warning/install/distance_warning/local/lib/python3.10/dist-packages/distance_warning/action/_check_distance_s.c
[0.239s] Listing '/home/evice2457/ros2_ws/src/distance_warning/install/distance_warning/local/lib/python3.10/dist-packages/distance_warning'...
[0.239s] Listing '/home/evice2457/ros2_ws/src/distance_warning/install/distance_warning/local/lib/python3.10/dist-packages/distance_warning/action'...
[0.239s] Listing '/home/evice2457/ros2_ws/src/distance_warning/install/distance_warning/local/lib/python3.10/dist-packages/distance_warning/srv'...
[0.242s] -- Up-to-date: /home/evice2457/ros2_ws/src/distance_warning/install/distance_warning/local/lib/python3.10/dist-packages/distance_warning/distance_warning_s__rosidl_typesupport_fastrtps_c.cpython-310-aarch64-linux-gnu.so
[0.242s] -- Up-to-date: /home/evice2457/ros2_ws/src/distance_warning/install/distance_warning/local/lib/python3.10/dist-packages/distance_warning/distance_warning_s__rosidl_typesupport_introspection_c.cpython-310-aarch64-linux-gnu.so
[0.242s] -- Up-to-date: /home/evice2457/ros2_ws/src/distance_warning/install/distance_warning/local/lib/python3.10/dist-packages/distance_warning/distance_warning_s__rosidl_typesupport_c.cpython-310-aarch64-linux-gnu.so
[0.242s] -- Up-to-date: /home/evice2457/ros2_ws/src/distance_warning/install/distance_warning/lib/libdistance_warning__rosidl_generator_py.so
[0.242s] -- Up-to-date: /home/evice2457/ros2_ws/src/distance_warning/install/distance_warning/share/ament_index/resource_index/rust_packages/distance_warning
[0.242s] -- Up-to-date: /home/evice2457/ros2_ws/src/distance_warning/install/distance_warning/share/distance_warning/rust
[0.243s] -- Up-to-date: /home/evice2457/ros2_ws/src/distance_warning/install/distance_warning/share/distance_warning/rust/Cargo.toml
[0.243s] -- Up-to-date: /home/evice2457/ros2_ws/src/distance_warning/install/distance_warning/share/distance_warning/rust/build.rs
[0.243s] -- Up-to-date: /home/evice2457/ros2_ws/src/distance_warning/install/distance_warning/share/distance_warning/rust/src
[0.243s] -- Up-to-date: /home/evice2457/ros2_ws/src/distance_warning/install/distance_warning/share/distance_warning/rust/src/srv
[0.243s] -- Up-to-date: /home/evice2457/ros2_ws/src/distance_warning/install/distance_warning/share/distance_warning/rust/src/srv/rmw.rs
[0.243s] -- Up-to-date: /home/evice2457/ros2_ws/src/distance_warning/install/distance_warning/share/distance_warning/rust/src/srv.rs
[0.243s] -- Up-to-date: /home/evice2457/ros2_ws/src/distance_warning/install/distance_warning/share/distance_warning/rust/src/action.rs
[0.243s] -- Up-to-date: /home/evice2457/ros2_ws/src/distance_warning/install/distance_warning/share/distance_warning/rust/src/lib.rs
[0.243s] -- Up-to-date: /home/evice2457/ros2_ws/src/distance_warning/install/distance_warning/share/distance_warning/rust/src/action
[0.243s] -- Up-to-date: /home/evice2457/ros2_ws/src/distance_warning/install/distance_warning/share/distance_warning/rust/src/action/rmw.rs
[0.243s] -- Up-to-date: /home/evice2457/ros2_ws/src/distance_warning/install/distance_warning/share/distance_warning/srv/SetThreshold.idl
[0.243s] -- Up-to-date: /home/evice2457/ros2_ws/src/distance_warning/install/distance_warning/share/distance_warning/action/CheckDistance.idl
[0.243s] -- Up-to-date: /home/evice2457/ros2_ws/src/distance_warning/install/distance_warning/share/distance_warning/srv/SetThreshold.srv
[0.243s] -- Up-to-date: /home/evice2457/ros2_ws/src/distance_warning/install/distance_warning/share/distance_warning/srv/SetThreshold_Request.msg
[0.243s] -- Up-to-date: /home/evice2457/ros2_ws/src/distance_warning/install/distance_warning/share/distance_warning/srv/SetThreshold_Response.msg
[0.243s] -- Up-to-date: /home/evice2457/ros2_ws/src/distance_warning/install/distance_warning/share/distance_warning/action/CheckDistance.action
[0.243s] -- Up-to-date: /home/evice2457/ros2_ws/src/distance_warning/install/distance_warning/lib/distance_warning/distance_publisher
[0.243s] -- Up-to-date: /home/evice2457/ros2_ws/src/distance_warning/install/distance_warning/lib/distance_warning/distance_listener
[0.243s] -- Up-to-date: /home/evice2457/ros2_ws/src/distance_warning/install/distance_warning/lib/distance_warning/set_threshold_service
[0.243s] -- Up-to-date: /home/evice2457/ros2_ws/src/distance_warning/install/distance_warning/lib/distance_warning/distance_action_server
[0.243s] -- Up-to-date: /home/evice2457/ros2_ws/src/distance_warning/install/distance_warning/lib/distance_warning/distance_action_client
[0.244s] -- Up-to-date: /home/evice2457/ros2_ws/src/distance_warning/install/distance_warning/lib/distance_warning/distance_tf_broadcaster
[0.244s] -- Up-to-date: /home/evice2457/ros2_ws/src/distance_warning/install/distance_warning/lib/distance_warning/distance_tf_listener
[0.244s] -- Up-to-date: /home/evice2457/ros2_ws/src/distance_warning/install/distance_warning/lib/distance_warning/distance_publisher_qos
[0.245s] -- Up-to-date: /home/evice2457/ros2_ws/src/distance_warning/install/distance_warning/lib/distance_warning/distance_listener_qos
[0.245s] -- Up-to-date: /home/evice2457/ros2_ws/src/distance_warning/install/distance_warning/share/distance_warning/launch
[0.245s] -- Up-to-date: /home/evice2457/ros2_ws/src/distance_warning/install/distance_warning/share/distance_warning/launch/distance_warning.launch.py
[0.245s] -- Up-to-date: /home/evice2457/ros2_ws/src/distance_warning/install/distance_warning/share/ament_index/resource_index/package_run_dependencies/distance_warning
[0.245s] -- Up-to-date: /home/evice2457/ros2_ws/src/distance_warning/install/distance_warning/share/ament_index/resource_index/parent_prefix_path/distance_warning
[0.245s] -- Up-to-date: /home/evice2457/ros2_ws/src/distance_warning/install/distance_warning/share/distance_warning/environment/ament_prefix_path.sh
[0.245s] -- Up-to-date: /home/evice2457/ros2_ws/src/distance_warning/install/distance_warning/share/distance_warning/environment/ament_prefix_path.dsv
[0.245s] -- Up-to-date: /home/evice2457/ros2_ws/src/distance_warning/install/distance_warning/share/distance_warning/environment/path.sh
[0.245s] -- Up-to-date: /home/evice2457/ros2_ws/src/distance_warning/install/distance_warning/share/distance_warning/environment/path.dsv
[0.245s] -- Up-to-date: /home/evice2457/ros2_ws/src/distance_warning/install/distance_warning/share/distance_warning/local_setup.bash
[0.245s] -- Up-to-date: /home/evice2457/ros2_ws/src/distance_warning/install/distance_warning/share/distance_warning/local_setup.sh
[0.245s] -- Up-to-date: /home/evice2457/ros2_ws/src/distance_warning/install/distance_warning/share/distance_warning/local_setup.zsh
[0.245s] -- Up-to-date: /home/evice2457/ros2_ws/src/distance_warning/install/distance_warning/share/distance_warning/local_setup.dsv
[0.245s] -- Installing: /home/evice2457/ros2_ws/src/distance_warning/install/distance_warning/share/distance_warning/package.dsv
[0.245s] -- Up-to-date: /home/evice2457/ros2_ws/src/distance_warning/install/distance_warning/share/ament_index/resource_index/packages/distance_warning
[0.245s] -- Up-to-date: /home/evice2457/ros2_ws/src/distance_warning/install/distance_warning/share/distance_warning/cmake/export_distance_warning__rosidl_generator_cExport.cmake
[0.245s] -- Up-to-date: /home/evice2457/ros2_ws/src/distance_warning/install/distance_warning/share/distance_warning/cmake/export_distance_warning__rosidl_generator_cExport-noconfig.cmake
[0.245s] -- Up-to-date: /home/evice2457/ros2_ws/src/distance_warning/install/distance_warning/share/distance_warning/cmake/export_distance_warning__rosidl_typesupport_fastrtps_cExport.cmake
[0.246s] -- Up-to-date: /home/evice2457/ros2_ws/src/distance_warning/install/distance_warning/share/distance_warning/cmake/export_distance_warning__rosidl_typesupport_fastrtps_cExport-noconfig.cmake
[0.246s] -- Up-to-date: /home/evice2457/ros2_ws/src/distance_warning/install/distance_warning/share/distance_warning/cmake/export_distance_warning__rosidl_generator_cppExport.cmake
[0.246s] -- Up-to-date: /home/evice2457/ros2_ws/src/distance_warning/install/distance_warning/share/distance_warning/cmake/export_distance_warning__rosidl_typesupport_fastrtps_cppExport.cmake
[0.246s] -- Up-to-date: /home/evice2457/ros2_ws/src/distance_warning/install/distance_warning/share/distance_warning/cmake/export_distance_warning__rosidl_typesupport_fastrtps_cppExport-noconfig.cmake
[0.246s] -- Up-to-date: /home/evice2457/ros2_ws/src/distance_warning/install/distance_warning/share/distance_warning/cmake/distance_warning__rosidl_typesupport_introspection_cExport.cmake
[0.246s] -- Up-to-date: /home/evice2457/ros2_ws/src/distance_warning/install/distance_warning/share/distance_warning/cmake/distance_warning__rosidl_typesupport_introspection_cExport-noconfig.cmake
[0.246s] -- Up-to-date: /home/evice2457/ros2_ws/src/distance_warning/install/distance_warning/share/distance_warning/cmake/distance_warning__rosidl_typesupport_cExport.cmake
[0.246s] -- Up-to-date: /home/evice2457/ros2_ws/src/distance_warning/install/distance_warning/share/distance_warning/cmake/distance_warning__rosidl_typesupport_cExport-noconfig.cmake
[0.246s] -- Up-to-date: /home/evice2457/ros2_ws/src/distance_warning/install/distance_warning/share/distance_warning/cmake/distance_warning__rosidl_typesupport_introspection_cppExport.cmake
[0.246s] -- Up-to-date: /home/evice2457/ros2_ws/src/distance_warning/install/distance_warning/share/distance_warning/cmake/distance_warning__rosidl_typesupport_introspection_cppExport-noconfig.cmake
[0.246s] -- Up-to-date: /home/evice2457/ros2_ws/src/distance_warning/install/distance_warning/share/distance_warning/cmake/distance_warning__rosidl_typesupport_cppExport.cmake
[0.246s] -- Up-to-date: /home/evice2457/ros2_ws/src/distance_warning/install/distance_warning/share/distance_warning/cmake/distance_warning__rosidl_typesupport_cppExport-noconfig.cmake
[0.246s] -- Up-to-date: /home/evice2457/ros2_ws/src/distance_warning/install/distance_warning/share/distance_warning/cmake/export_distance_warning__rosidl_generator_pyExport.cmake
[0.246s] -- Up-to-date: /home/evice2457/ros2_ws/src/distance_warning/install/distance_warning/share/distance_warning/cmake/export_distance_warning__rosidl_generator_pyExport-noconfig.cmake
[0.246s] -- Up-to-date: /home/evice2457/ros2_ws/src/distance_warning/install/distance_warning/share/distance_warning/cmake/rosidl_cmake-extras.cmake
[0.246s] -- Up-to-date: /home/evice2457/ros2_ws/src/distance_warning/install/distance_warning/share/distance_warning/cmake/ament_cmake_export_dependencies-extras.cmake
[0.246s] -- Up-to-date: /home/evice2457/ros2_ws/src/distance_warning/install/distance_warning/share/distance_warning/cmake/ament_cmake_export_include_directories-extras.cmake
[0.246s] -- Up-to-date: /home/evice2457/ros2_ws/src/distance_warning/install/distance_warning/share/distance_warning/cmake/ament_cmake_export_libraries-extras.cmake
[0.246s] -- Up-to-date: /home/evice2457/ros2_ws/src/distance_warning/install/distance_warning/share/distance_warning/cmake/ament_cmake_export_targets-extras.cmake
[0.246s] -- Up-to-date: /home/evice2457/ros2_ws/src/distance_warning/install/distance_warning/share/distance_warning/cmake/rosidl_cmake_export_typesupport_targets-extras.cmake
[0.246s] -- Up-to-date: /home/evice2457/ros2_ws/src/distance_warning/install/distance_warning/share/distance_warning/cmake/rosidl_cmake_export_typesupport_libraries-extras.cmake
[0.246s] -- Up-to-date: /home/evice2457/ros2_ws/src/distance_warning/install/distance_warning/share/distance_warning/cmake/distance_warningConfig.cmake
[0.247s] -- Up-to-date: /home/evice2457/ros2_ws/src/distance_warning/install/distance_warning/share/distance_warning/cmake/distance_warningConfig-version.cmake
[0.247s] -- Up-to-date: /home/evice2457/ros2_ws/src/distance_warning/install/distance_warning/share/distance_warning/package.xml
[0.248s] Invoked command in '/home/evice2457/ros2_ws/src/distance_warning/build/distance_warning' returned '0': CMAKE_PREFIX_PATH=${CMAKE_PREFIX_PATH}:/home/evice2457/ros2_ws/install/launch_testing_examples:/home/evice2457/ros2_ws/install/examples_rclpy_pointcloud_publisher:/home/evice2457/ros2_ws/install/examples_rclpy_minimal_subscriber:/home/evice2457/ros2_ws/install/examples_rclpy_minimal_service:/home/evice2457/ros2_ws/install/examples_rclpy_minimal_publisher:/home/evice2457/ros2_ws/install/examples_rclpy_minimal_client:/home/evice2457/ros2_ws/install/examples_rclpy_minimal_action_server:/home/evice2457/ros2_ws/install/examples_rclpy_minimal_action_client:/home/evice2457/ros2_ws/install/examples_rclpy_guard_conditions:/home/evice2457/ros2_ws/install/examples_rclpy_executors:/opt/ros/humble /usr/bin/cmake --install /home/evice2457/ros2_ws/src/distance_warning/build/distance_warning
